<?xml version="1.0" encoding="utf-8"?><testsuites><testsuite name="pytest" errors="0" failures="0" skipped="2" tests="899" time="16.613" timestamp="2024-12-25T16:03:12.343836+02:00" hostname="zohar-ubuntu"><testcase classname="tests.unit.datarobot_drum.custom_task_interfaces.test_custom_task_interface.TestSecretsInjectionContext" name="test_default_empty_secrets" time="0.002" /><testcase classname="tests.unit.datarobot_drum.custom_task_interfaces.test_custom_task_interface.TestSecretsInjectionContext" name="test_calls_load_secrets_correctly" time="0.002" /><testcase classname="tests.unit.datarobot_drum.custom_task_interfaces.test_custom_task_interface.TestSecretsInjectionContext" name="test_loads_and_unloads_secrets" time="0.002" /><testcase classname="tests.unit.datarobot_drum.custom_task_interfaces.test_custom_task_interface.TestSecretsInjectionContext" name="test_patches_outputs" time="0.002" /><testcase classname="tests.unit.datarobot_drum.custom_task_interfaces.test_custom_task_interface.TestSecretsInjectionContext" name="test_resets_output" time="0.002" /><testcase classname="tests.unit.datarobot_drum.custom_task_interfaces.test_user_secrets.TestGCPSecret" name="test_minimal_data" time="0.000" /><testcase classname="tests.unit.datarobot_drum.custom_task_interfaces.test_user_secrets.TestGCPSecret" name="test_full_data" time="0.000" /><testcase classname="tests.unit.datarobot_drum.custom_task_interfaces.test_user_secrets.TestGCPSecret" name="test_is_partial_secret_false" time="0.000" /><testcase classname="tests.unit.datarobot_drum.custom_task_interfaces.test_user_secrets.TestGCPSecret" name="test_is_partial_secret_true" time="0.000" /><testcase classname="tests.unit.datarobot_drum.custom_task_interfaces.test_user_secrets.TestGCPSecret" name="test_extra_data" time="0.000" /><testcase classname="tests.unit.datarobot_drum.custom_task_interfaces.test_user_secrets.TestGCPSecret" name="test_minimal_gcp_key" time="0.000" /><testcase classname="tests.unit.datarobot_drum.custom_task_interfaces.test_user_secrets.TestGCPSecret" name="test_gcp_key_with_extra_fields" time="0.000" /><testcase classname="tests.unit.datarobot_drum.custom_task_interfaces.test_user_secrets.TestGCPSecret" name="test_full_gcp_key" time="0.000" /><testcase classname="tests.unit.datarobot_drum.custom_task_interfaces.test_user_secrets.TestGCPSecret" name="test_repr_and_str" time="0.000" /><testcase classname="tests.unit.datarobot_drum.custom_task_interfaces.test_user_secrets.TestBasicSecret" name="test_minimal_data" time="0.000" /><testcase classname="tests.unit.datarobot_drum.custom_task_interfaces.test_user_secrets.TestBasicSecret" name="test_full_data" time="0.000" /><testcase classname="tests.unit.datarobot_drum.custom_task_interfaces.test_user_secrets.TestBasicSecret" name="test_extra_data" time="0.000" /><testcase classname="tests.unit.datarobot_drum.custom_task_interfaces.test_user_secrets.TestBasicSecret" name="test_is_partial_secret" time="0.000" /><testcase classname="tests.unit.datarobot_drum.custom_task_interfaces.test_user_secrets.TestBasicSecret" name="test_repr_and_str" time="0.000" /><testcase classname="tests.unit.datarobot_drum.custom_task_interfaces.test_user_secrets.TestOauthSecret" name="test_minimal_data" time="0.000" /><testcase classname="tests.unit.datarobot_drum.custom_task_interfaces.test_user_secrets.TestOauthSecret" name="test_extra_data" time="0.000" /><testcase classname="tests.unit.datarobot_drum.custom_task_interfaces.test_user_secrets.TestOauthSecret" name="test_is_partial_secret" time="0.000" /><testcase classname="tests.unit.datarobot_drum.custom_task_interfaces.test_user_secrets.TestOauthSecret" name="test_str_and_repr" time="0.000" /><testcase classname="tests.unit.datarobot_drum.custom_task_interfaces.test_user_secrets.TestS3Secret" name="test_minimal_data" time="0.000" /><testcase classname="tests.unit.datarobot_drum.custom_task_interfaces.test_user_secrets.TestS3Secret" name="test_full_data" time="0.000" /><testcase classname="tests.unit.datarobot_drum.custom_task_interfaces.test_user_secrets.TestS3Secret" name="test_extra_data" time="0.000" /><testcase classname="tests.unit.datarobot_drum.custom_task_interfaces.test_user_secrets.TestS3Secret" name="test_is_partial_secret_false" time="0.000" /><testcase classname="tests.unit.datarobot_drum.custom_task_interfaces.test_user_secrets.TestS3Secret" name="test_is_partial_secret_true" time="0.000" /><testcase classname="tests.unit.datarobot_drum.custom_task_interfaces.test_user_secrets.TestS3Secret" name="test_repr_and_str" time="0.000" /><testcase classname="tests.unit.datarobot_drum.custom_task_interfaces.test_user_secrets.TestAzureSecret" name="test_minimal_data" time="0.000" /><testcase classname="tests.unit.datarobot_drum.custom_task_interfaces.test_user_secrets.TestAzureSecret" name="test_extra_data" time="0.000" /><testcase classname="tests.unit.datarobot_drum.custom_task_interfaces.test_user_secrets.TestAzureSecret" name="test_is_partial_secret" time="0.000" /><testcase classname="tests.unit.datarobot_drum.custom_task_interfaces.test_user_secrets.TestAzureSecret" name="test_repr_and_str" time="0.001" /><testcase classname="tests.unit.datarobot_drum.custom_task_interfaces.test_user_secrets.TestAzureServicePrincipalSecret" name="test_minimal_data" time="0.001" /><testcase classname="tests.unit.datarobot_drum.custom_task_interfaces.test_user_secrets.TestAzureServicePrincipalSecret" name="test_extra_data" time="0.000" /><testcase classname="tests.unit.datarobot_drum.custom_task_interfaces.test_user_secrets.TestAzureServicePrincipalSecret" name="test_is_partial_secret" time="0.000" /><testcase classname="tests.unit.datarobot_drum.custom_task_interfaces.test_user_secrets.TestAzureServicePrincipalSecret" name="test_repr_and_str" time="0.000" /><testcase classname="tests.unit.datarobot_drum.custom_task_interfaces.test_user_secrets.TestSnowflakeOauthUserAccountSecret" name="test_minimal_data" time="0.000" /><testcase classname="tests.unit.datarobot_drum.custom_task_interfaces.test_user_secrets.TestSnowflakeOauthUserAccountSecret" name="test_full_data" time="0.000" /><testcase classname="tests.unit.datarobot_drum.custom_task_interfaces.test_user_secrets.TestSnowflakeOauthUserAccountSecret" name="test_extra_data" time="0.000" /><testcase classname="tests.unit.datarobot_drum.custom_task_interfaces.test_user_secrets.TestSnowflakeOauthUserAccountSecret" name="test_is_partial_secret_false" time="0.000" /><testcase classname="tests.unit.datarobot_drum.custom_task_interfaces.test_user_secrets.TestSnowflakeOauthUserAccountSecret" name="test_is_partial_secret_true" time="0.000" /><testcase classname="tests.unit.datarobot_drum.custom_task_interfaces.test_user_secrets.TestSnowflakeOauthUserAccountSecret" name="test_repr_and_str" time="0.000" /><testcase classname="tests.unit.datarobot_drum.custom_task_interfaces.test_user_secrets.TestSnowflakeKeyPairUserAccountSecret" name="test_minimal_data" time="0.000" /><testcase classname="tests.unit.datarobot_drum.custom_task_interfaces.test_user_secrets.TestSnowflakeKeyPairUserAccountSecret" name="test_full_data" time="0.000" /><testcase classname="tests.unit.datarobot_drum.custom_task_interfaces.test_user_secrets.TestSnowflakeKeyPairUserAccountSecret" name="test_extra_data" time="0.000" /><testcase classname="tests.unit.datarobot_drum.custom_task_interfaces.test_user_secrets.TestSnowflakeKeyPairUserAccountSecret" name="test_is_partial_secret_false" time="0.000" /><testcase classname="tests.unit.datarobot_drum.custom_task_interfaces.test_user_secrets.TestSnowflakeKeyPairUserAccountSecret" name="test_is_partial_secret_true" time="0.000" /><testcase classname="tests.unit.datarobot_drum.custom_task_interfaces.test_user_secrets.TestSnowflakeKeyPairUserAccountSecret" name="test_repr_and_str" time="0.000" /><testcase classname="tests.unit.datarobot_drum.custom_task_interfaces.test_user_secrets.TestAdlsGen2OauthSecret" name="test_data" time="0.000" /><testcase classname="tests.unit.datarobot_drum.custom_task_interfaces.test_user_secrets.TestAdlsGen2OauthSecret" name="test_extra_data" time="0.000" /><testcase classname="tests.unit.datarobot_drum.custom_task_interfaces.test_user_secrets.TestAdlsGen2OauthSecret" name="test_is_partial_secret_false" time="0.001" /><testcase classname="tests.unit.datarobot_drum.custom_task_interfaces.test_user_secrets.TestAdlsGen2OauthSecret" name="test_repr_and_str" time="0.000" /><testcase classname="tests.unit.datarobot_drum.custom_task_interfaces.test_user_secrets.TestTableauAccessTokenSecret" name="test_data" time="0.000" /><testcase classname="tests.unit.datarobot_drum.custom_task_interfaces.test_user_secrets.TestTableauAccessTokenSecret" name="test_extra_data" time="0.000" /><testcase classname="tests.unit.datarobot_drum.custom_task_interfaces.test_user_secrets.TestTableauAccessTokenSecret" name="test_is_partial_secret_false" time="0.000" /><testcase classname="tests.unit.datarobot_drum.custom_task_interfaces.test_user_secrets.TestTableauAccessTokenSecret" name="test_repr_and_str" time="0.001" /><testcase classname="tests.unit.datarobot_drum.custom_task_interfaces.test_user_secrets.TestDatabricksAccessTokenAccountSecret" name="test_data" time="0.000" /><testcase classname="tests.unit.datarobot_drum.custom_task_interfaces.test_user_secrets.TestDatabricksAccessTokenAccountSecret" name="test_extra_data" time="0.000" /><testcase classname="tests.unit.datarobot_drum.custom_task_interfaces.test_user_secrets.TestDatabricksAccessTokenAccountSecret" name="test_is_partial_secret_false" time="0.000" /><testcase classname="tests.unit.datarobot_drum.custom_task_interfaces.test_user_secrets.TestDatabricksAccessTokenAccountSecret" name="test_repr_and_str" time="0.000" /><testcase classname="tests.unit.datarobot_drum.custom_task_interfaces.test_user_secrets.TestApiTokenSecret" name="test_data" time="0.000" /><testcase classname="tests.unit.datarobot_drum.custom_task_interfaces.test_user_secrets.TestApiTokenSecret" name="test_extra_data" time="0.000" /><testcase classname="tests.unit.datarobot_drum.custom_task_interfaces.test_user_secrets.TestApiTokenSecret" name="test_is_partial_secret_false" time="0.000" /><testcase classname="tests.unit.datarobot_drum.custom_task_interfaces.test_user_secrets.TestApiTokenSecret" name="test_repr_and_str" time="0.000" /><testcase classname="tests.unit.datarobot_drum.custom_task_interfaces.test_user_secrets.TestUnsupportedSecret" name="test_unsupported_secret_type" time="0.001" /><testcase classname="tests.unit.datarobot_drum.custom_task_interfaces.test_user_secrets.TestLoadSecrets" name="test_load_secrets_no_file_no_env_vars" time="0.000" /><testcase classname="tests.unit.datarobot_drum.custom_task_interfaces.test_user_secrets.TestLoadSecrets" name="test_load_secrets_mount_path_does_not_exist" time="0.001" /><testcase classname="tests.unit.datarobot_drum.custom_task_interfaces.test_user_secrets.TestLoadSecrets" name="test_secrets_with_mounted_secrets" time="0.002" /><testcase classname="tests.unit.datarobot_drum.custom_task_interfaces.test_user_secrets.TestLoadSecrets" name="test_secrets_with_env_vars" time="0.002" /><testcase classname="tests.unit.datarobot_drum.custom_task_interfaces.test_user_secrets.TestLoadSecrets" name="test_secrets_with_mounted_secrets_supersede_env_secrets" time="0.002" /><testcase classname="tests.unit.datarobot_drum.custom_task_interfaces.test_user_secrets.TestLoadSecrets" name="test_load_all_secret_types[secret_dict0-expected0]" time="0.002" /><testcase classname="tests.unit.datarobot_drum.custom_task_interfaces.test_user_secrets.TestLoadSecrets" name="test_load_all_secret_types[secret_dict1-expected1]" time="0.002" /><testcase classname="tests.unit.datarobot_drum.custom_task_interfaces.test_user_secrets.TestLoadSecrets" name="test_load_all_secret_types[secret_dict2-expected2]" time="0.002" /><testcase classname="tests.unit.datarobot_drum.custom_task_interfaces.test_user_secrets.TestLoadSecrets" name="test_load_all_secret_types[secret_dict3-expected3]" time="0.001" /><testcase classname="tests.unit.datarobot_drum.custom_task_interfaces.test_user_secrets.TestLoadSecrets" name="test_load_all_secret_types[secret_dict4-expected4]" time="0.002" /><testcase classname="tests.unit.datarobot_drum.custom_task_interfaces.test_user_secrets.TestLoadSecrets" name="test_load_all_secret_types[secret_dict5-expected5]" time="0.001" /><testcase classname="tests.unit.datarobot_drum.custom_task_interfaces.test_user_secrets.TestLoadSecrets" name="test_load_all_secret_types[secret_dict6-expected6]" time="0.001" /><testcase classname="tests.unit.datarobot_drum.custom_task_interfaces.test_user_secrets.TestLoadSecrets" name="test_load_all_secret_types[secret_dict7-expected7]" time="0.002" /><testcase classname="tests.unit.datarobot_drum.custom_task_interfaces.test_user_secrets.TestLoadSecrets" name="test_load_all_secret_types[secret_dict8-expected8]" time="0.002" /><testcase classname="tests.unit.datarobot_drum.custom_task_interfaces.test_user_secrets.TestLoadSecrets" name="test_load_all_secret_types[secret_dict9-expected9]" time="0.002" /><testcase classname="tests.unit.datarobot_drum.custom_task_interfaces.test_user_secrets.TestLoadSecrets" name="test_load_all_secret_types[secret_dict10-expected10]" time="0.002" /><testcase classname="tests.unit.datarobot_drum.custom_task_interfaces.test_user_secrets.TestLoadSecrets" name="test_load_all_secret_types[secret_dict11-expected11]" time="0.002" /><testcase classname="tests.unit.datarobot_drum.custom_task_interfaces.test_user_secrets.TestGetOrderedSensitiveValues" name="test_no_secrets" time="0.000" /><testcase classname="tests.unit.datarobot_drum.custom_task_interfaces.test_user_secrets.TestGetOrderedSensitiveValues" name="test_flat_secret[secret0-expected0]" time="0.001" /><testcase classname="tests.unit.datarobot_drum.custom_task_interfaces.test_user_secrets.TestGetOrderedSensitiveValues" name="test_flat_secret[secret1-expected1]" time="0.001" /><testcase classname="tests.unit.datarobot_drum.custom_task_interfaces.test_user_secrets.TestGetOrderedSensitiveValues" name="test_flat_secret[secret2-expected2]" time="0.001" /><testcase classname="tests.unit.datarobot_drum.custom_task_interfaces.test_user_secrets.TestGetOrderedSensitiveValues" name="test_nested_secret" time="0.000" /><testcase classname="tests.unit.datarobot_drum.custom_task_interfaces.test_user_secrets.TestGetOrderedSensitiveValues" name="test_sorts_by_largest_size_first" time="0.000" /><testcase classname="tests.unit.datarobot_drum.custom_task_interfaces.test_user_secrets.TestGetOrderedSensitiveValues" name="test_multiple_secrets" time="0.000" /><testcase classname="tests.unit.datarobot_drum.custom_task_interfaces.test_user_secrets.TestGetOrderedSensitiveValues" name="test_multiple_secrets_with_iterable" time="0.000" /><testcase classname="tests.unit.datarobot_drum.custom_task_interfaces.test_user_secrets.TestGetOrderedSensitiveValues" name="test_repeat_values" time="0.000" /><testcase classname="tests.unit.datarobot_drum.custom_task_interfaces.test_user_secrets.TestScrubValuesFromString" name="test_no_sensitive_values" time="0.001" /><testcase classname="tests.unit.datarobot_drum.custom_task_interfaces.test_user_secrets.TestScrubValuesFromString" name="test_sensitive_values_not_in_string" time="0.000" /><testcase classname="tests.unit.datarobot_drum.custom_task_interfaces.test_user_secrets.TestScrubValuesFromString" name="test_scrubs_values" time="0.000" /><testcase classname="tests.unit.datarobot_drum.custom_task_interfaces.test_user_secrets.TestScrubValuesFromString" name="test_scrubs_values_order_sensitive_positive_case" time="0.000" /><testcase classname="tests.unit.datarobot_drum.custom_task_interfaces.test_user_secrets.TestScrubValuesFromString" name="test_scrubs_values_order_sensitive_failure_on_unsorted_values" time="0.000" /><testcase classname="tests.unit.datarobot_drum.custom_task_interfaces.test_user_secrets.TestTextStreamSecretsScrubber" name="test_scrubs_output" time="0.001" /><testcase classname="tests.unit.datarobot_drum.custom_task_interfaces.test_user_secrets.TestTextStreamSecretsScrubber" name="test_scrubs_output_multiple_secrets" time="0.000" /><testcase classname="tests.unit.datarobot_drum.custom_task_interfaces.test_user_secrets.TestTextStreamSecretsScrubber" name="test_scrubs_output_on_writelines" time="0.000" /><testcase classname="tests.unit.datarobot_drum.custom_task_interfaces.test_user_secrets.TestSecretsScrubberFilter" name="test_setup" time="0.001" /><testcase classname="tests.unit.datarobot_drum.custom_task_interfaces.test_user_secrets.TestSecretsScrubberFilter" name="test_single_secret_msg" time="0.001" /><testcase classname="tests.unit.datarobot_drum.custom_task_interfaces.test_user_secrets.TestSecretsScrubberFilter" name="test_multiple_secrets_msg" time="0.001" /><testcase classname="tests.unit.datarobot_drum.custom_task_interfaces.test_user_secrets.TestSecretsScrubberFilter" name="test_secret_passed_to_msg" time="0.003" /><testcase classname="tests.unit.datarobot_drum.custom_task_interfaces.test_user_secrets.TestSecretsScrubberFilter" name="test_other_object_passed_to_msg" time="0.001" /><testcase classname="tests.unit.datarobot_drum.custom_task_interfaces.test_user_secrets.TestSecretsScrubberFilter" name="test_args_single_arg_string" time="0.001" /><testcase classname="tests.unit.datarobot_drum.custom_task_interfaces.test_user_secrets.TestSecretsScrubberFilter" name="test_args_single_arg_secret_object" time="0.001" /><testcase classname="tests.unit.datarobot_drum.custom_task_interfaces.test_user_secrets.TestSecretsScrubberFilter" name="test_args_single_arg_other_object" time="0.001" /><testcase classname="tests.unit.datarobot_drum.custom_task_interfaces.test_user_secrets.TestSecretsScrubberFilter" name="test_args_multiple_args_string" time="0.001" /><testcase classname="tests.unit.datarobot_drum.custom_task_interfaces.test_user_secrets.TestSecretsScrubberFilter" name="test_args_multiple_args_secret_object" time="0.001" /><testcase classname="tests.unit.datarobot_drum.custom_task_interfaces.test_user_secrets.TestSecretsScrubberFilter" name="test_args_multiple_args_other_object" time="0.001" /><testcase classname="tests.unit.datarobot_drum.custom_task_interfaces.test_user_secrets.TestSecretsScrubberFilter" name="test_dict_args_string" time="0.001" /><testcase classname="tests.unit.datarobot_drum.custom_task_interfaces.test_user_secrets.TestSecretsScrubberFilter" name="test_dict_args_secret_object" time="0.001" /><testcase classname="tests.unit.datarobot_drum.custom_task_interfaces.test_user_secrets.TestSecretsScrubberFilter" name="test_dict_args_other_object" time="0.001" /><testcase classname="tests.unit.datarobot_drum.custom_task_interfaces.test_user_secrets.TestPatchOutputToScrubSecrets" name="test_no_secrets_does_not_patch_stdout_stderr" time="0.001" /><testcase classname="tests.unit.datarobot_drum.custom_task_interfaces.test_user_secrets.TestPatchOutputToScrubSecrets" name="test_patches_stdout" time="0.001" /><testcase classname="tests.unit.datarobot_drum.custom_task_interfaces.test_user_secrets.TestPatchOutputToScrubSecrets" name="test_patches_stderr" time="0.001" /><testcase classname="tests.unit.datarobot_drum.custom_task_interfaces.test_user_secrets.TestPatchOutputToScrubSecrets" name="test_no_secrets_does_not_patch_loggers" time="0.000" /><testcase classname="tests.unit.datarobot_drum.custom_task_interfaces.test_user_secrets.TestPatchOutputToScrubSecrets" name="test_patches_root_logging_methods" time="0.001" /><testcase classname="tests.unit.datarobot_drum.custom_task_interfaces.test_user_secrets.TestPatchOutputToScrubSecrets" name="test_patches_all_loggers" time="0.001" /><testcase classname="tests.unit.datarobot_drum.custom_task_interfaces.test_user_secrets.TestResetOutputsToAllowSecrets" name="test_un_patches_stdout" time="0.001" /><testcase classname="tests.unit.datarobot_drum.custom_task_interfaces.test_user_secrets.TestResetOutputsToAllowSecrets" name="test_un_patches_stderr" time="0.001" /><testcase classname="tests.unit.datarobot_drum.custom_task_interfaces.test_user_secrets.TestResetOutputsToAllowSecrets" name="test_un_filters_root_logger" time="0.001" /><testcase classname="tests.unit.datarobot_drum.custom_task_interfaces.test_user_secrets.TestResetOutputsToAllowSecrets" name="test_un_filters_all_loggers" time="0.001" /><testcase classname="tests.unit.datarobot_drum.drum.adapters.cli.shared.test_drum_class_label_adapter.TestDrumCLIAdapterLabels" name="test_infer_class_labels_if_not_provided[TargetType.BINARY-Iris-setosa-Iris-versicolor-None-expected_class_ordering0]" time="0.004" /><testcase classname="tests.unit.datarobot_drum.drum.adapters.cli.shared.test_drum_class_label_adapter.TestDrumCLIAdapterLabels" name="test_infer_class_labels_if_not_provided[TargetType.MULTICLASS-None-None-expected_class_labels1-expected_class_ordering1]" time="0.002" /><testcase classname="tests.unit.datarobot_drum.drum.adapters.cli.shared.test_drum_class_label_adapter.TestDrumCLIAdapterLabels" name="test_infer_class_labels_if_not_provided[TargetType.REGRESSION-None-None-None-None]" time="0.001" /><testcase classname="tests.unit.datarobot_drum.drum.adapters.cli.shared.test_drum_class_label_adapter.TestDrumCLIAdapterLabels" name="test_infer_class_labels_if_not_provided[TargetType.ANOMALY-None-None-None-None]" time="0.001" /><testcase classname="tests.unit.datarobot_drum.drum.adapters.cli.shared.test_drum_class_label_adapter.TestDrumCLIAdapterLabels" name="test_infer_class_labels_if_not_provided[TargetType.TRANSFORM-None-None-None-None]" time="0.001" /><testcase classname="tests.unit.datarobot_drum.drum.adapters.cli.shared.test_drum_class_label_adapter.TestDrumCLIAdapterLabels" name="test_infer_class_labels_if_not_provided[TargetType.UNSTRUCTURED-None-None-None-None]" time="0.001" /><testcase classname="tests.unit.datarobot_drum.drum.adapters.cli.shared.test_drum_class_label_adapter.TestDrumCLIAdapterLabels" name="test_infer_class_labels_if_not_provided[TargetType.TEXT_GENERATION-None-None-None-None]" time="0.001" /><testcase classname="tests.unit.datarobot_drum.drum.adapters.cli.shared.test_drum_class_label_adapter.TestDrumCLIAdapterLabels" name="test_infer_class_labels_if_not_provided[TargetType.GEO_POINT-None-None-None-None]" time="0.001" /><testcase classname="tests.unit.datarobot_drum.drum.adapters.cli.shared.test_drum_class_label_adapter.TestOrderIntuition" name="test_colname" time="0.003" /><testcase classname="tests.unit.datarobot_drum.drum.adapters.cli.shared.test_drum_class_label_adapter.TestOrderIntuition" name="test_colfile" time="0.008" /><testcase classname="tests.unit.datarobot_drum.drum.adapters.cli.shared.test_drum_class_label_adapter.TestOrderIntuition" name="test_badfile" time="0.002" /><testcase classname="tests.unit.datarobot_drum.drum.adapters.cli.shared.test_drum_class_label_adapter.TestOrderIntuition" name="test_unsupervised" time="0.001" /><testcase classname="tests.unit.datarobot_drum.drum.adapters.cli.shared.test_drum_file_input_adapter.TestDrumInputFileAdapterDenseData" name="test_dense_input_file_is_read_correctly[dense_csv-dense_df]" time="0.006" /><testcase classname="tests.unit.datarobot_drum.drum.adapters.cli.shared.test_drum_file_input_adapter.TestDrumInputFileAdapterDenseData" name="test_dense_input_file_is_read_correctly[dense_csv_with_target-dense_df_with_target]" time="0.007" /><testcase classname="tests.unit.datarobot_drum.drum.adapters.cli.shared.test_drum_file_input_adapter.TestDrumInputFileAdapterDenseData" name="test_dense_input_file_is_read_correctly[dense_csv_with_target_and_weights-dense_df_with_target_and_weights]" time="0.008" /><testcase classname="tests.unit.datarobot_drum.drum.adapters.cli.shared.test_drum_file_input_adapter.TestDrumInputFileAdapterDenseData" name="test_input_file_contains_X" time="0.005" /><testcase classname="tests.unit.datarobot_drum.drum.adapters.cli.shared.test_drum_file_input_adapter.TestDrumInputFileAdapterDenseData" name="test_input_file_contains_X_y" time="0.009" /><testcase classname="tests.unit.datarobot_drum.drum.adapters.cli.shared.test_drum_file_input_adapter.TestDrumInputFileAdapterDenseData" name="test_input_file_contains_X_y_weights" time="0.008" /><testcase classname="tests.unit.datarobot_drum.drum.adapters.cli.shared.test_drum_file_input_adapter.TestDrumInputFileAdapterSparseData" name="test_sparse_column_names_are_read_correctly" time="0.003" /><testcase classname="tests.unit.datarobot_drum.drum.adapters.cli.shared.test_drum_file_input_adapter.TestDrumInputFileAdapterSparseData" name="test_sparse_input_file_is_read_correctly" time="0.016" /><testcase classname="tests.unit.datarobot_drum.drum.adapters.cli.shared.test_drum_file_input_adapter.TestDrumInputFileAdapterSparseData" name="test_sparse_input_file_contains_X" time="0.014" /><testcase classname="tests.unit.datarobot_drum.drum.adapters.cli.shared.test_drum_file_input_adapter.TestDrumInputFileAdapterSparseData" name="test_sparse_input_file_contains_X_y" time="0.020" /><testcase classname="tests.unit.datarobot_drum.drum.adapters.cli.shared.test_drum_file_input_adapter.TestDrumInputFileAdapterSparseData" name="test_sparse_input_file_contains_X_y_weights" time="0.029" /><testcase classname="tests.unit.datarobot_drum.drum.adapters.cli.shared.test_drum_file_input_adapter.TestDrumInputFileAdapterBinaryDataProperties" name="test_input_filename_setter_and_lazy_loaded_binary_data" time="0.004" /><testcase classname="tests.unit.datarobot_drum.drum.adapters.cli.test_drum_fit_adapter.TestDrumFitAdapterFailures" name="test_target_data_missing[TargetType.BINARY]" time="0.004" /><testcase classname="tests.unit.datarobot_drum.drum.adapters.cli.test_drum_fit_adapter.TestDrumFitAdapterFailures" name="test_target_data_missing[TargetType.REGRESSION]" time="0.003" /><testcase classname="tests.unit.datarobot_drum.drum.adapters.cli.test_drum_fit_adapter.TestDrumFitAdapterFailures" name="test_target_data_missing[TargetType.MULTICLASS]" time="0.006" /><testcase classname="tests.unit.datarobot_drum.drum.adapters.cli.test_drum_fit_adapter.TestDrumFitAdapterFailures" name="test_target_data_missing[TargetType.TEXT_GENERATION]" time="0.005" /><testcase classname="tests.unit.datarobot_drum.drum.adapters.cli.test_drum_fit_adapter.TestDrumFitAdapterFailures" name="test_target_data_missing[TargetType.GEO_POINT]" time="0.003" /><testcase classname="tests.unit.datarobot_drum.drum.adapters.cli.test_drum_fit_adapter.TestDrumFitAdapterFailures" name="test_target_data_missing_okay[TargetType.ANOMALY]" time="0.004" /><testcase classname="tests.unit.datarobot_drum.drum.adapters.cli.test_drum_fit_adapter.TestDrumFitAdapterFailures" name="test_target_data_missing_okay[TargetType.TRANSFORM]" time="0.003" /><testcase classname="tests.unit.datarobot_drum.drum.adapters.cli.test_drum_fit_adapter.TestDrumFitAdapterFailures" name="test_input_file_contains_X_missing_y" time="0.004" /><testcase classname="tests.unit.datarobot_drum.drum.adapters.cli.test_drum_fit_adapter.TestDrumFitAdapterFailures" name="test_input_file_contains_X_missing_weights" time="0.005" /><testcase classname="tests.unit.datarobot_drum.drum.adapters.cli.test_drum_fit_adapter.TestDrumFitAdapterFailures" name="test_output_dir_cannot_equal_custom_task_folder_path" time="0.001" /><testcase classname="tests.unit.datarobot_drum.drum.adapters.cli.test_drum_fit_adapter.TestDrumFitAdapterFailures" name="test_num_rows_greater_than_input_data" time="0.005" /><testcase classname="tests.unit.datarobot_drum.drum.adapters.cli.test_drum_fit_adapter.TestDrumFitAdapterSampling" name="test_sampling[dense_csv-dense_df-1]" time="0.009" /><testcase classname="tests.unit.datarobot_drum.drum.adapters.cli.test_drum_fit_adapter.TestDrumFitAdapterSampling" name="test_sampling[dense_csv-dense_df-4.0]" time="0.010" /><testcase classname="tests.unit.datarobot_drum.drum.adapters.cli.test_drum_fit_adapter.TestDrumFitAdapterSampling" name="test_sampling[dense_csv-dense_df-10]" time="0.009" /><testcase classname="tests.unit.datarobot_drum.drum.adapters.cli.test_drum_fit_adapter.TestDrumFitAdapterSampling" name="test_sampling[dense_csv-dense_df-ALL]" time="0.007" /><testcase classname="tests.unit.datarobot_drum.drum.adapters.cli.test_drum_fit_adapter.TestDrumFitAdapterSampling" name="test_sampling[dense_csv-dense_df-num_rows]" time="0.010" /><testcase classname="tests.unit.datarobot_drum.drum.adapters.cli.test_drum_fit_adapter.TestDrumFitAdapterSampling" name="test_sampling[sparse_mtx-sparse_df-1]" time="0.015" /><testcase classname="tests.unit.datarobot_drum.drum.adapters.cli.test_drum_fit_adapter.TestDrumFitAdapterSampling" name="test_sampling[sparse_mtx-sparse_df-4.0]" time="0.026" /><testcase classname="tests.unit.datarobot_drum.drum.adapters.cli.test_drum_fit_adapter.TestDrumFitAdapterSampling" name="test_sampling[sparse_mtx-sparse_df-10]" time="0.020" /><testcase classname="tests.unit.datarobot_drum.drum.adapters.cli.test_drum_fit_adapter.TestDrumFitAdapterSampling" name="test_sampling[sparse_mtx-sparse_df-ALL]" time="0.012" /><testcase classname="tests.unit.datarobot_drum.drum.adapters.cli.test_drum_fit_adapter.TestDrumFitAdapterSampling" name="test_sampling[sparse_mtx-sparse_df-num_rows]" time="0.019" /><testcase classname="tests.unit.datarobot_drum.drum.adapters.cli.test_drum_fit_adapter.TestDrumFitAdapterParameters" name="test_parameters_default_to_empty_dict" time="0.001" /><testcase classname="tests.unit.datarobot_drum.drum.adapters.cli.test_drum_fit_adapter.TestDrumFitAdapterParameters" name="test_parameters_used_for_fit_if_file_provided" time="0.002" /><testcase classname="tests.unit.datarobot_drum.drum.adapters.cli.test_drum_fit_adapter.TestDrumFitAdapterParameters" name="test_default_parameters_used_for_fit_if_file_not_provided" time="0.001" /><testcase classname="tests.unit.datarobot_drum.drum.adapters.cli.test_drum_fit_adapter.TestDrumFitAdapterOutputDir" name="test_temp_output_dir_set_when_provided" time="0.001" /><testcase classname="tests.unit.datarobot_drum.drum.adapters.cli.test_drum_fit_adapter.TestDrumFitAdapterOutputDir" name="test_temp_output_dir_created_and_cleaned_up_when_not_provided" time="0.001" /><testcase classname="tests.unit.datarobot_drum.drum.adapters.model_adapters.test_python_model_adapter.TestFit" name="test_fit_with_no_secrets" time="0.007" /><testcase classname="tests.unit.datarobot_drum.drum.adapters.model_adapters.test_python_model_adapter.TestFit" name="test_fit_with_mounted_secrets" time="0.005" /><testcase classname="tests.unit.datarobot_drum.drum.adapters.model_adapters.test_python_model_adapter.TestFit" name="test_fit_with_secrets_prefix" time="0.005" /><testcase classname="tests.unit.datarobot_drum.drum.adapters.model_adapters.test_python_model_adapter.TestLoadModelFromArtifact" name="test_load_with_no_secrets" time="0.005" /><testcase classname="tests.unit.datarobot_drum.drum.adapters.model_adapters.test_python_model_adapter.TestLoadModelFromArtifact" name="test_load_with_mount_secrets" time="0.005" /><testcase classname="tests.unit.datarobot_drum.drum.adapters.model_adapters.test_python_model_adapter.TestLoadModelFromArtifact" name="test_load_with_env_secrets" time="0.005" /><testcase classname="tests.unit.datarobot_drum.drum.adapters.model_adapters.test_python_model_adapter.TestLoadModelFromArtifact" name="test_load_chat_hook_without_score" time="0.003" /><testcase classname="tests.unit.datarobot_drum.drum.adapters.model_adapters.test_python_model_adapter.TestLoadModelFromArtifact" name="test_load_chat_hook_with_score" time="0.003" /><testcase classname="tests.unit.datarobot_drum.drum.adapters.model_adapters.test_python_model_adapter.TestPythonModelAdapterPrivateHelpers" name="test_multiple_artifacts_detection_negative" time="0.002" /><testcase classname="tests.unit.datarobot_drum.drum.adapters.model_adapters.test_python_model_adapter.TestPredictResultSplitter" name="test_split_result_of_binary_classification" time="0.001" /><testcase classname="tests.unit.datarobot_drum.drum.adapters.model_adapters.test_python_model_adapter.TestPredictResultSplitter" name="test_split_result_of_binary_classification_with_extra" time="0.003" /><testcase classname="tests.unit.datarobot_drum.drum.adapters.model_adapters.test_python_model_adapter.TestPredictResultSplitter" name="test_split_result_of_multiclass" time="0.001" /><testcase classname="tests.unit.datarobot_drum.drum.adapters.model_adapters.test_python_model_adapter.TestPredictResultSplitter" name="test_split_result_of_multiclass_with_extra" time="0.004" /><testcase classname="tests.unit.datarobot_drum.drum.adapters.model_adapters.test_python_model_adapter.TestPredictResultSplitter" name="test_split_result_of_regression" time="0.001" /><testcase classname="tests.unit.datarobot_drum.drum.adapters.model_adapters.test_python_model_adapter.TestPredictResultSplitter" name="test_split_result_of_regression_with_extra" time="0.003" /><testcase classname="tests.unit.datarobot_drum.drum.adapters.model_adapters.test_python_model_adapter.TestPredictResultSplitter" name="test_split_result_of_text_generation" time="0.003" /><testcase classname="tests.unit.datarobot_drum.drum.adapters.model_adapters.test_python_model_adapter.TestPredictResultSplitter" name="test_split_result_of_text_generation_with_exta_model_output" time="0.005" /><testcase classname="tests.unit.datarobot_drum.drum.adapters.model_adapters.test_python_model_adapter.TestPredictResultSplitter" name="test_text_generation_with_exta_model_output_and_redundant_quotation_marks_in_target" time="0.006" /><testcase classname="tests.unit.datarobot_drum.drum.adapters.model_adapters.test_python_model_adapter.TestPredictResultSplitter" name="test_text_generation_with_exta_model_output_and_redundant_quotation_marks_in_both_target_and_df" time="0.006" /><testcase classname="tests.unit.datarobot_drum.drum.adapters.model_adapters.test_python_model_adapter.TestPythonModelAdapterInitialization" name="test_valid_initialization_for_text_generation" time="0.002" /><testcase classname="tests.unit.datarobot_drum.drum.adapters.model_adapters.test_python_model_adapter.TestPythonModelAdapterInitialization" name="test_invalid_initialization_for_text_generation" time="0.001" /><testcase classname="tests.unit.datarobot_drum.drum.adapters.model_adapters.test_python_model_adapter.TestPythonModelAdapterWithGuards" name="test_loading_guard_hook_module" time="0.004" /><testcase classname="tests.unit.datarobot_drum.drum.adapters.model_adapters.test_python_model_adapter.TestPythonModelAdapterWithGuards" name="test_invoking_guard_hook_score_wrapper[True-expected_predictions0]" time="0.006" /><testcase classname="tests.unit.datarobot_drum.drum.adapters.model_adapters.test_python_model_adapter.TestPythonModelAdapterWithGuards" name="test_invoking_guard_hook_score_wrapper[False-expected_predictions1]" time="0.006" /><testcase classname="tests.unit.datarobot_drum.drum.adapters.model_adapters.test_python_model_adapter.TestPythonModelAdapterWithGuards" name="test_invoking_guard_hook_chat_wrapper[True-HELLO THERE]" time="0.011" /><testcase classname="tests.unit.datarobot_drum.drum.adapters.model_adapters.test_python_model_adapter.TestPythonModelAdapterWithGuards" name="test_invoking_guard_hook_chat_wrapper[False-Hello there]" time="0.002" /><testcase classname="tests.unit.datarobot_drum.drum.adapters.model_adapters.test_python_model_adapter.TestPythonModelAdapterWithGuards" name="test_guard_chat_wrapper_not_invoked_if_not_defined" time="0.002" /><testcase classname="tests.unit.datarobot_drum.drum.artifact_predictors.test_artifact_predictors" name="test_artifact_predictor_extension" time="0.001" /><testcase classname="tests.unit.datarobot_drum.drum.gpu_predictors.test_gpu_predictors" name="test_supports_chat" time="0.001" /><testcase classname="tests.unit.datarobot_drum.drum.language_predictors.python_predictor.test_python_predictor.TestMLPiperConfigure" name="test_no_user_secrets" time="0.003" /><testcase classname="tests.unit.datarobot_drum.drum.language_predictors.python_predictor.test_python_predictor.TestMLPiperConfigure" name="test_with_user_secrets" time="0.002" /><testcase classname="tests.unit.datarobot_drum.drum.language_predictors.python_predictor.test_python_predictor" name="test_supports_chat[False]" time="0.002" /><testcase classname="tests.unit.datarobot_drum.drum.language_predictors.python_predictor.test_python_predictor" name="test_supports_chat[True]" time="0.002" /><testcase classname="tests.unit.datarobot_drum.drum.language_predictors.python_predictor.test_python_predictor.TestPythonPredictorLazyLoading" name="test_lazy_loading_download_is_being_called" time="0.006" /><testcase classname="tests.unit.datarobot_drum.drum.language_predictors.python_predictor.test_python_predictor.TestPythonPredictorLazyLoading" name="test_lazy_loading_download_is_not_called" time="0.004" /><testcase classname="tests.unit.datarobot_drum.drum.language_predictors.test_base_language_predictor.TestChat" name="test_base_no_chat" time="0.001" /><testcase classname="tests.unit.datarobot_drum.drum.language_predictors.test_base_language_predictor.TestChat" name="test_chat_without_mlops[False]" time="0.001" /><testcase classname="tests.unit.datarobot_drum.drum.language_predictors.test_base_language_predictor.TestChat" name="test_chat_without_mlops[True]" time="0.011" /><testcase classname="tests.unit.datarobot_drum.drum.language_predictors.test_base_language_predictor.TestChat" name="test_hook_wrong_response_type[False-Wrong response]" time="0.002" /><testcase classname="tests.unit.datarobot_drum.drum.language_predictors.test_base_language_predictor.TestChat" name="test_hook_wrong_response_type[False-None]" time="0.001" /><testcase classname="tests.unit.datarobot_drum.drum.language_predictors.test_base_language_predictor.TestChat" name="test_hook_wrong_response_type[True-Wrong response]" time="0.001" /><testcase classname="tests.unit.datarobot_drum.drum.language_predictors.test_base_language_predictor.TestChat" name="test_hook_wrong_response_type[True-None]" time="0.001" /><testcase classname="tests.unit.datarobot_drum.drum.language_predictors.test_base_language_predictor.TestChat" name="test_mlops_init" time="0.006" /><testcase classname="tests.unit.datarobot_drum.drum.language_predictors.test_base_language_predictor.TestChat" name="test_chat_with_mlops[False]" time="0.006" /><testcase classname="tests.unit.datarobot_drum.drum.language_predictors.test_base_language_predictor.TestChat" name="test_chat_with_mlops[True]" time="0.005" /><testcase classname="tests.unit.datarobot_drum.drum.language_predictors.test_base_language_predictor.TestChat" name="test_missing_required_mlops_parameters" time="0.003" /><testcase classname="tests.unit.datarobot_drum.drum.language_predictors.test_base_language_predictor.TestChat" name="test_association_id" time="0.005" /><testcase classname="tests.unit.datarobot_drum.drum.language_predictors.test_base_language_predictor.TestChat" name="test_prompt_column_name" time="0.004" /><testcase classname="tests.unit.datarobot_drum.drum.language_predictors.test_base_language_predictor.TestChat" name="test_failing_hook_with_mlops[False]" time="0.005" /><testcase classname="tests.unit.datarobot_drum.drum.language_predictors.test_base_language_predictor.TestChat" name="test_failing_hook_with_mlops[True]" time="0.004" /><testcase classname="tests.unit.datarobot_drum.drum.language_predictors.test_base_language_predictor.TestChat" name="test_failing_in_middle_of_stream" time="0.005" /><testcase classname="tests.unit.datarobot_drum.drum.language_predictors.test_base_language_predictor.TestChat" name="test_continue_on_mlops_failure[report_predictions_data]" time="0.012" /><testcase classname="tests.unit.datarobot_drum.drum.language_predictors.test_base_language_predictor.TestChat" name="test_continue_on_mlops_failure[report_deployment_stats]" time="0.006" /><testcase classname="tests.unit.datarobot_drum.drum.lazy_loading.test_lazy_loading_handler.TestSetupEnvironmentVariablesFromValuesFile" name="test_success" time="0.010" /><testcase classname="tests.unit.datarobot_drum.drum.lazy_loading.test_lazy_loading_handler.TestSetupEnvironmentVariablesFromValuesFile" name="test_invalid_lazy_loading_yaml_content" time="0.007" /><testcase classname="tests.unit.datarobot_drum.drum.lazy_loading.test_lazy_loading_handler.TestSetupEnvironmentVariablesFromValuesFile" name="test_missing_required_section[files]" time="0.009" /><testcase classname="tests.unit.datarobot_drum.drum.lazy_loading.test_lazy_loading_handler.TestSetupEnvironmentVariablesFromValuesFile" name="test_missing_required_section[repositories]" time="0.010" /><testcase classname="tests.unit.datarobot_drum.drum.lazy_loading.test_lazy_loading_handler.TestSetupEnvironmentVariablesFromValuesFile" name="test_missing_required_section[credentials]" time="0.009" /><testcase classname="tests.unit.datarobot_drum.drum.lazy_loading.test_lazy_loading_handler.TestSetupEnvironmentVariablesFromValuesFile" name="test_missing_required_field[localPath]" time="0.009" /><testcase classname="tests.unit.datarobot_drum.drum.lazy_loading.test_lazy_loading_handler.TestSetupEnvironmentVariablesFromValuesFile" name="test_missing_required_field[remotePath]" time="0.009" /><testcase classname="tests.unit.datarobot_drum.drum.lazy_loading.test_lazy_loading_handler.TestSetupEnvironmentVariablesFromValuesFile" name="test_missing_required_field[repositoryId]" time="0.008" /><testcase classname="tests.unit.datarobot_drum.drum.lazy_loading.test_lazy_loading_handler.TestSetupEnvironmentVariablesFromValuesFile" name="test_missing_required_field[bucketName]" time="0.008" /><testcase classname="tests.unit.datarobot_drum.drum.lazy_loading.test_lazy_loading_handler.TestSetupEnvironmentVariablesFromValuesFile" name="test_missing_required_field[credentialId]" time="0.009" /><testcase classname="tests.unit.datarobot_drum.drum.lazy_loading.test_lazy_loading_handler.TestSetupEnvironmentVariablesFromValuesFile" name="test_missing_required_field[awsAccessKeyId]" time="0.009" /><testcase classname="tests.unit.datarobot_drum.drum.lazy_loading.test_lazy_loading_handler.TestSetupEnvironmentVariablesFromValuesFile" name="test_missing_required_field[awsSecretAccessKey]" time="0.009" /><testcase classname="tests.unit.datarobot_drum.drum.lazy_loading.test_lazy_loading_handler.TestSetupEnvironmentVariablesFromValuesFile" name="test_missing_required_field[credentialType]" time="0.008" /><testcase classname="tests.unit.datarobot_drum.drum.lazy_loading.test_lazy_loading_handler.TestSetupEnvironmentVariablesFromValuesFile" name="test_missing_required_field[id]" time="0.009" /><testcase classname="tests.unit.datarobot_drum.drum.lazy_loading.test_schema.TestLazyLoadingSchema" name="test_valid_json_success" time="0.001" /><testcase classname="tests.unit.datarobot_drum.drum.lazy_loading.test_schema.TestLazyLoadingSchema" name="test_extra_file_fields_are_ignored" time="0.001" /><testcase classname="tests.unit.datarobot_drum.drum.lazy_loading.test_schema.TestLazyLoadingSchema" name="test_extra_repository_fields_are_ignored" time="0.001" /><testcase classname="tests.unit.datarobot_drum.drum.lazy_loading.test_schema.TestLazyLoadingSchema" name="test_invalid_empty_endpoint_url" time="0.001" /><testcase classname="tests.unit.datarobot_drum.drum.lazy_loading.test_schema.TestLazyLoadingSchema" name="test_dependent_endpoint_url_and_verify_certificate_fields" time="0.001" /><testcase classname="tests.unit.datarobot_drum.drum.lazy_loading.test_schema.TestLazyLoadingSchema" name="test_missing_files_failure" time="0.001" /><testcase classname="tests.unit.datarobot_drum.drum.lazy_loading.test_schema.TestLazyLoadingSchema" name="test_missing_repositories_failure" time="0.001" /><testcase classname="tests.unit.datarobot_drum.drum.test_args_parser.TestDrumHelp" name="test_drum_help[drum]" time="1.768" /><testcase classname="tests.unit.datarobot_drum.drum.test_args_parser.TestDrumHelp" name="test_drum_help[drum --help]" time="1.761" /><testcase classname="tests.unit.datarobot_drum.drum.test_args_parser.TestDrumHelp" name="test_drum_bad_subparser" time="1.803" /><testcase classname="tests.unit.datarobot_drum.drum.test_args_parser.TestMulticlassLabelsParser" name="test_valid_class_labels[True-class_labels]" time="0.003" /><testcase classname="tests.unit.datarobot_drum.drum.test_args_parser.TestMulticlassLabelsParser" name="test_valid_class_labels[True-unordered_class_labels]" time="0.002" /><testcase classname="tests.unit.datarobot_drum.drum.test_args_parser.TestMulticlassLabelsParser" name="test_valid_class_labels[True-class_labels_with_spaces]" time="0.003" /><testcase classname="tests.unit.datarobot_drum.drum.test_args_parser.TestMulticlassLabelsParser" name="test_valid_class_labels[False-class_labels]" time="0.003" /><testcase classname="tests.unit.datarobot_drum.drum.test_args_parser.TestMulticlassLabelsParser" name="test_valid_class_labels[False-unordered_class_labels]" time="0.002" /><testcase classname="tests.unit.datarobot_drum.drum.test_args_parser.TestMulticlassLabelsParser" name="test_valid_class_labels[False-class_labels_with_spaces]" time="0.002" /><testcase classname="tests.unit.datarobot_drum.drum.test_args_parser.TestMulticlassLabelsParser" name="test_too_few_labels[True]" time="0.002" /><testcase classname="tests.unit.datarobot_drum.drum.test_args_parser.TestMulticlassLabelsParser" name="test_too_few_labels[False]" time="0.002" /><testcase classname="tests.unit.datarobot_drum.drum.test_args_parser.TestPosNegLabelsParser" name="test_valid_class_labels[numeric_class_labels]" time="0.003" /><testcase classname="tests.unit.datarobot_drum.drum.test_args_parser.TestPosNegLabelsParser" name="test_valid_class_labels[bool_class_labels]" time="0.004" /><testcase classname="tests.unit.datarobot_drum.drum.test_args_parser.TestPosNegLabelsParser" name="test_valid_class_labels[str_class_labels]" time="0.005" /><testcase classname="tests.unit.datarobot_drum.drum.test_args_parser.TestStrictValidationParser" name="test_disable_strict_validation" time="0.002" /><testcase classname="tests.unit.datarobot_drum.drum.test_args_parser.TestStrictValidationParser" name="test_enable_strict_validation" time="0.001" /><testcase classname="tests.unit.datarobot_drum.drum.test_args_parser.TestFitMetricsReportParser" name="test_enable_metadata_report" time="0.001" /><testcase classname="tests.unit.datarobot_drum.drum.test_args_parser.TestFitMetricsReportParser" name="test_disable_metadata_report" time="0.002" /><testcase classname="tests.unit.datarobot_drum.drum.test_args_parser.TestBooleanArgumentOptions" name="test_boolean_argument_options_passed_through_env_var" time="0.010" /><testcase classname="tests.unit.datarobot_drum.drum.test_args_parser.TestMonitorArgs" name="test_binary_monitor_from_cmd_line_args_success" time="0.175" /><testcase classname="tests.unit.datarobot_drum.drum.test_args_parser.TestMonitorArgs" name="test_binary_monitor_from_env_vars_success" time="0.011" /><testcase classname="tests.unit.datarobot_drum.drum.test_args_parser.TestMonitorArgs" name="test_binary_monitor_from_cmd_line_and_env_vars_success" time="0.011" /><testcase classname="tests.unit.datarobot_drum.drum.test_args_parser.TestMonitorArgs" name="test_binary_monitor_embedded_cmd_args_failure" time="0.011" /><testcase classname="tests.unit.datarobot_drum.drum.test_args_parser.TestMonitorArgs" name="test_binary_monitor_embedded_from_env_vars_failure" time="0.010" /><testcase classname="tests.unit.datarobot_drum.drum.test_args_parser.TestMonitorArgs" name="test_binary_mutually_exclusive_args_failure" time="0.011" /><testcase classname="tests.unit.datarobot_drum.drum.test_args_parser.TestMonitorArgs" name="test_unstructured_monitor_embedded_from_cmd_line_args_success[monitor_settings0]" time="0.012" /><testcase classname="tests.unit.datarobot_drum.drum.test_args_parser.TestMonitorArgs" name="test_unstructured_monitor_embedded_from_cmd_line_args_success[monitor_settings1]" time="0.011" /><testcase classname="tests.unit.datarobot_drum.drum.test_args_parser.TestMonitorArgs" name="test_unstructured_monitor_from_env_vars_success[None-None]" time="0.009" /><testcase classname="tests.unit.datarobot_drum.drum.test_args_parser.TestMonitorArgs" name="test_unstructured_monitor_from_env_vars_success[MONITOR_SETTINGS-aaa;bbb]" time="0.010" /><testcase classname="tests.unit.datarobot_drum.drum.test_args_parser.TestMonitorArgs" name="test_unstructured_monitor_from_cmd_line_and_env_vars_success" time="0.009" /><testcase classname="tests.unit.datarobot_drum.drum.test_args_parser.TestMonitorArgs" name="test_unstructured_monitor_cmd_args_failure" time="0.010" /><testcase classname="tests.unit.datarobot_drum.drum.test_args_parser.TestMonitorArgs" name="test_unstructured_monitor_from_env_vars_failure" time="0.011" /><testcase classname="tests.unit.datarobot_drum.drum.test_args_parser.TestMonitorArgs" name="test_unstructured_mutually_exclusive_args_failure" time="0.011" /><testcase classname="tests.unit.datarobot_drum.drum.test_args_parser.TestDrApiAccess" name="test_dr_api_access_from_env_var_success[_cli_args0]" time="0.010" /><testcase classname="tests.unit.datarobot_drum.drum.test_args_parser.TestDrApiAccess" name="test_dr_api_access_from_env_var_missing_var[_cli_args0-EXTERNAL_WEB_SERVER_URL]" time="0.012" /><testcase classname="tests.unit.datarobot_drum.drum.test_args_parser.TestDrApiAccess" name="test_dr_api_access_from_env_var_missing_var[_cli_args0-API_TOKEN]" time="0.013" /><testcase classname="tests.unit.datarobot_drum.drum.test_args_parser.TestDrApiAccess" name="test_dr_api_access_inactive_success[_cli_args0-None]" time="0.009" /><testcase classname="tests.unit.datarobot_drum.drum.test_args_parser.TestDrApiAccess" name="test_dr_api_access_inactive_success[_cli_args0-EXTERNAL_WEB_SERVER_URL]" time="0.011" /><testcase classname="tests.unit.datarobot_drum.drum.test_args_parser.TestDrApiAccess" name="test_dr_api_access_inactive_success[_cli_args0-API_TOKEN]" time="0.010" /><testcase classname="tests.unit.datarobot_drum.drum.test_args_parser.TestDrApiAccess" name="test_dr_api_access_from_env_var_success[_cli_args1]" time="0.008" /><testcase classname="tests.unit.datarobot_drum.drum.test_args_parser.TestDrApiAccess" name="test_dr_api_access_from_env_var_missing_var[_cli_args1-EXTERNAL_WEB_SERVER_URL]" time="0.012" /><testcase classname="tests.unit.datarobot_drum.drum.test_args_parser.TestDrApiAccess" name="test_dr_api_access_from_env_var_missing_var[_cli_args1-API_TOKEN]" time="0.013" /><testcase classname="tests.unit.datarobot_drum.drum.test_args_parser.TestDrApiAccess" name="test_dr_api_access_inactive_success[_cli_args1-None]" time="0.009" /><testcase classname="tests.unit.datarobot_drum.drum.test_args_parser.TestDrApiAccess" name="test_dr_api_access_inactive_success[_cli_args1-EXTERNAL_WEB_SERVER_URL]" time="0.011" /><testcase classname="tests.unit.datarobot_drum.drum.test_args_parser.TestDrApiAccess" name="test_dr_api_access_inactive_success[_cli_args1-API_TOKEN]" time="0.010" /><testcase classname="tests.unit.datarobot_drum.drum.test_args_parser.TestUserSecretsArgs" name="test_no_user_secrets_passed[fit_args]" time="0.009" /><testcase classname="tests.unit.datarobot_drum.drum.test_args_parser.TestUserSecretsArgs" name="test_no_user_secrets_passed[score_args]" time="0.009" /><testcase classname="tests.unit.datarobot_drum.drum.test_args_parser.TestUserSecretsArgs" name="test_no_user_secrets_passed[server_args]" time="0.009" /><testcase classname="tests.unit.datarobot_drum.drum.test_args_parser.TestUserSecretsArgs" name="test_no_user_secrets_passed[push_args]" time="0.009" /><testcase classname="tests.unit.datarobot_drum.drum.test_args_parser.TestUserSecretsArgs" name="test_set_user_secrets[fit_args]" time="0.011" /><testcase classname="tests.unit.datarobot_drum.drum.test_args_parser.TestUserSecretsArgs" name="test_set_user_secrets[score_args]" time="0.010" /><testcase classname="tests.unit.datarobot_drum.drum.test_args_parser.TestUserSecretsArgs" name="test_set_user_secrets[server_args]" time="0.010" /><testcase classname="tests.unit.datarobot_drum.drum.test_args_parser.TestUserSecretsArgs" name="test_set_user_secrets[push_args]" time="0.009" /><testcase classname="tests.unit.datarobot_drum.drum.test_args_parser.TestUserSecretsArgs" name="test_set_user_secrets_from_env_vars[fit_args]" time="0.010" /><testcase classname="tests.unit.datarobot_drum.drum.test_args_parser.TestUserSecretsArgs" name="test_set_user_secrets_from_env_vars[score_args]" time="0.010" /><testcase classname="tests.unit.datarobot_drum.drum.test_args_parser.TestUserSecretsArgs" name="test_set_user_secrets_from_env_vars[server_args]" time="0.012" /><testcase classname="tests.unit.datarobot_drum.drum.test_args_parser.TestUserSecretsArgs" name="test_set_user_secrets_from_env_vars[push_args]" time="0.011" /><testcase classname="tests.unit.datarobot_drum.drum.test_args_parser.TestUserSecretsArgs" name="test_mount_path_can_be_invalid_directory[fit_args]" time="0.009" /><testcase classname="tests.unit.datarobot_drum.drum.test_args_parser.TestUserSecretsArgs" name="test_mount_path_can_be_invalid_directory[score_args]" time="0.010" /><testcase classname="tests.unit.datarobot_drum.drum.test_args_parser.TestUserSecretsArgs" name="test_mount_path_can_be_invalid_directory[server_args]" time="0.009" /><testcase classname="tests.unit.datarobot_drum.drum.test_args_parser.TestUserSecretsArgs" name="test_mount_path_can_be_invalid_directory[push_args]" time="0.010" /><testcase classname="tests.unit.datarobot_drum.drum.test_args_parser.TestTritonServerArgs" name="test_read_triton_server_configs_success[True-qwerty-qwerty-localhost]" time="0.015" /><testcase classname="tests.unit.datarobot_drum.drum.test_args_parser.TestTritonServerArgs" name="test_read_triton_server_configs_success[True-qwerty-qwerty-127.0.0.1]" time="0.014" /><testcase classname="tests.unit.datarobot_drum.drum.test_args_parser.TestTritonServerArgs" name="test_read_triton_server_configs_success[True-qwerty--1000-localhost]" time="0.013" /><testcase classname="tests.unit.datarobot_drum.drum.test_args_parser.TestTritonServerArgs" name="test_read_triton_server_configs_success[True-qwerty--1000-127.0.0.1]" time="0.013" /><testcase classname="tests.unit.datarobot_drum.drum.test_args_parser.TestTritonServerArgs" name="test_read_triton_server_configs_success[True-qwerty-1.001-localhost]" time="0.013" /><testcase classname="tests.unit.datarobot_drum.drum.test_args_parser.TestTritonServerArgs" name="test_read_triton_server_configs_success[True-qwerty-1.001-127.0.0.1]" time="0.013" /><testcase classname="tests.unit.datarobot_drum.drum.test_args_parser.TestTritonServerArgs" name="test_read_triton_server_configs_success[True-qwerty-0-localhost]" time="0.015" /><testcase classname="tests.unit.datarobot_drum.drum.test_args_parser.TestTritonServerArgs" name="test_read_triton_server_configs_success[True-qwerty-0-127.0.0.1]" time="0.013" /><testcase classname="tests.unit.datarobot_drum.drum.test_args_parser.TestTritonServerArgs" name="test_read_triton_server_configs_success[True--1000-qwerty-localhost]" time="0.012" /><testcase classname="tests.unit.datarobot_drum.drum.test_args_parser.TestTritonServerArgs" name="test_read_triton_server_configs_success[True--1000-qwerty-127.0.0.1]" time="0.011" /><testcase classname="tests.unit.datarobot_drum.drum.test_args_parser.TestTritonServerArgs" name="test_read_triton_server_configs_success[True--1000--1000-localhost]" time="0.012" /><testcase classname="tests.unit.datarobot_drum.drum.test_args_parser.TestTritonServerArgs" name="test_read_triton_server_configs_success[True--1000--1000-127.0.0.1]" time="0.012" /><testcase classname="tests.unit.datarobot_drum.drum.test_args_parser.TestTritonServerArgs" name="test_read_triton_server_configs_success[True--1000-1.001-localhost]" time="0.013" /><testcase classname="tests.unit.datarobot_drum.drum.test_args_parser.TestTritonServerArgs" name="test_read_triton_server_configs_success[True--1000-1.001-127.0.0.1]" time="0.010" /><testcase classname="tests.unit.datarobot_drum.drum.test_args_parser.TestTritonServerArgs" name="test_read_triton_server_configs_success[True--1000-0-localhost]" time="0.011" /><testcase classname="tests.unit.datarobot_drum.drum.test_args_parser.TestTritonServerArgs" name="test_read_triton_server_configs_success[True--1000-0-127.0.0.1]" time="0.012" /><testcase classname="tests.unit.datarobot_drum.drum.test_args_parser.TestTritonServerArgs" name="test_read_triton_server_configs_success[True-1.001-qwerty-localhost]" time="0.012" /><testcase classname="tests.unit.datarobot_drum.drum.test_args_parser.TestTritonServerArgs" name="test_read_triton_server_configs_success[True-1.001-qwerty-127.0.0.1]" time="0.012" /><testcase classname="tests.unit.datarobot_drum.drum.test_args_parser.TestTritonServerArgs" name="test_read_triton_server_configs_success[True-1.001--1000-localhost]" time="0.014" /><testcase classname="tests.unit.datarobot_drum.drum.test_args_parser.TestTritonServerArgs" name="test_read_triton_server_configs_success[True-1.001--1000-127.0.0.1]" time="0.013" /><testcase classname="tests.unit.datarobot_drum.drum.test_args_parser.TestTritonServerArgs" name="test_read_triton_server_configs_success[True-1.001-1.001-localhost]" time="0.012" /><testcase classname="tests.unit.datarobot_drum.drum.test_args_parser.TestTritonServerArgs" name="test_read_triton_server_configs_success[True-1.001-1.001-127.0.0.1]" time="0.012" /><testcase classname="tests.unit.datarobot_drum.drum.test_args_parser.TestTritonServerArgs" name="test_read_triton_server_configs_success[True-1.001-0-localhost]" time="0.012" /><testcase classname="tests.unit.datarobot_drum.drum.test_args_parser.TestTritonServerArgs" name="test_read_triton_server_configs_success[True-1.001-0-127.0.0.1]" time="0.012" /><testcase classname="tests.unit.datarobot_drum.drum.test_args_parser.TestTritonServerArgs" name="test_read_triton_server_configs_success[True-0-qwerty-localhost]" time="0.015" /><testcase classname="tests.unit.datarobot_drum.drum.test_args_parser.TestTritonServerArgs" name="test_read_triton_server_configs_success[True-0-qwerty-127.0.0.1]" time="0.012" /><testcase classname="tests.unit.datarobot_drum.drum.test_args_parser.TestTritonServerArgs" name="test_read_triton_server_configs_success[True-0--1000-localhost]" time="0.012" /><testcase classname="tests.unit.datarobot_drum.drum.test_args_parser.TestTritonServerArgs" name="test_read_triton_server_configs_success[True-0--1000-127.0.0.1]" time="0.013" /><testcase classname="tests.unit.datarobot_drum.drum.test_args_parser.TestTritonServerArgs" name="test_read_triton_server_configs_success[True-0-1.001-localhost]" time="0.012" /><testcase classname="tests.unit.datarobot_drum.drum.test_args_parser.TestTritonServerArgs" name="test_read_triton_server_configs_success[True-0-1.001-127.0.0.1]" time="0.013" /><testcase classname="tests.unit.datarobot_drum.drum.test_args_parser.TestTritonServerArgs" name="test_read_triton_server_configs_success[True-0-0-localhost]" time="0.013" /><testcase classname="tests.unit.datarobot_drum.drum.test_args_parser.TestTritonServerArgs" name="test_read_triton_server_configs_success[True-0-0-127.0.0.1]" time="0.013" /><testcase classname="tests.unit.datarobot_drum.drum.test_args_parser.TestTritonServerArgs" name="test_read_triton_server_configs_success[False-qwerty-qwerty-localhost]" time="0.013" /><testcase classname="tests.unit.datarobot_drum.drum.test_args_parser.TestTritonServerArgs" name="test_read_triton_server_configs_success[False-qwerty-qwerty-127.0.0.1]" time="0.012" /><testcase classname="tests.unit.datarobot_drum.drum.test_args_parser.TestTritonServerArgs" name="test_read_triton_server_configs_success[False-qwerty--1000-localhost]" time="0.013" /><testcase classname="tests.unit.datarobot_drum.drum.test_args_parser.TestTritonServerArgs" name="test_read_triton_server_configs_success[False-qwerty--1000-127.0.0.1]" time="0.013" /><testcase classname="tests.unit.datarobot_drum.drum.test_args_parser.TestTritonServerArgs" name="test_read_triton_server_configs_success[False-qwerty-1.001-localhost]" time="0.015" /><testcase classname="tests.unit.datarobot_drum.drum.test_args_parser.TestTritonServerArgs" name="test_read_triton_server_configs_success[False-qwerty-1.001-127.0.0.1]" time="0.012" /><testcase classname="tests.unit.datarobot_drum.drum.test_args_parser.TestTritonServerArgs" name="test_read_triton_server_configs_success[False-qwerty-0-localhost]" time="0.014" /><testcase classname="tests.unit.datarobot_drum.drum.test_args_parser.TestTritonServerArgs" name="test_read_triton_server_configs_success[False-qwerty-0-127.0.0.1]" time="0.012" /><testcase classname="tests.unit.datarobot_drum.drum.test_args_parser.TestTritonServerArgs" name="test_read_triton_server_configs_success[False--1000-qwerty-localhost]" time="0.013" /><testcase classname="tests.unit.datarobot_drum.drum.test_args_parser.TestTritonServerArgs" name="test_read_triton_server_configs_success[False--1000-qwerty-127.0.0.1]" time="0.013" /><testcase classname="tests.unit.datarobot_drum.drum.test_args_parser.TestTritonServerArgs" name="test_read_triton_server_configs_success[False--1000--1000-localhost]" time="0.015" /><testcase classname="tests.unit.datarobot_drum.drum.test_args_parser.TestTritonServerArgs" name="test_read_triton_server_configs_success[False--1000--1000-127.0.0.1]" time="0.012" /><testcase classname="tests.unit.datarobot_drum.drum.test_args_parser.TestTritonServerArgs" name="test_read_triton_server_configs_success[False--1000-1.001-localhost]" time="0.011" /><testcase classname="tests.unit.datarobot_drum.drum.test_args_parser.TestTritonServerArgs" name="test_read_triton_server_configs_success[False--1000-1.001-127.0.0.1]" time="0.012" /><testcase classname="tests.unit.datarobot_drum.drum.test_args_parser.TestTritonServerArgs" name="test_read_triton_server_configs_success[False--1000-0-localhost]" time="0.012" /><testcase classname="tests.unit.datarobot_drum.drum.test_args_parser.TestTritonServerArgs" name="test_read_triton_server_configs_success[False--1000-0-127.0.0.1]" time="0.012" /><testcase classname="tests.unit.datarobot_drum.drum.test_args_parser.TestTritonServerArgs" name="test_read_triton_server_configs_success[False-1.001-qwerty-localhost]" time="0.013" /><testcase classname="tests.unit.datarobot_drum.drum.test_args_parser.TestTritonServerArgs" name="test_read_triton_server_configs_success[False-1.001-qwerty-127.0.0.1]" time="0.012" /><testcase classname="tests.unit.datarobot_drum.drum.test_args_parser.TestTritonServerArgs" name="test_read_triton_server_configs_success[False-1.001--1000-localhost]" time="0.011" /><testcase classname="tests.unit.datarobot_drum.drum.test_args_parser.TestTritonServerArgs" name="test_read_triton_server_configs_success[False-1.001--1000-127.0.0.1]" time="0.012" /><testcase classname="tests.unit.datarobot_drum.drum.test_args_parser.TestTritonServerArgs" name="test_read_triton_server_configs_success[False-1.001-1.001-localhost]" time="0.012" /><testcase classname="tests.unit.datarobot_drum.drum.test_args_parser.TestTritonServerArgs" name="test_read_triton_server_configs_success[False-1.001-1.001-127.0.0.1]" time="0.012" /><testcase classname="tests.unit.datarobot_drum.drum.test_args_parser.TestTritonServerArgs" name="test_read_triton_server_configs_success[False-1.001-0-localhost]" time="0.015" /><testcase classname="tests.unit.datarobot_drum.drum.test_args_parser.TestTritonServerArgs" name="test_read_triton_server_configs_success[False-1.001-0-127.0.0.1]" time="0.013" /><testcase classname="tests.unit.datarobot_drum.drum.test_args_parser.TestTritonServerArgs" name="test_read_triton_server_configs_success[False-0-qwerty-localhost]" time="0.019" /><testcase classname="tests.unit.datarobot_drum.drum.test_args_parser.TestTritonServerArgs" name="test_read_triton_server_configs_success[False-0-qwerty-127.0.0.1]" time="0.018" /><testcase classname="tests.unit.datarobot_drum.drum.test_args_parser.TestTritonServerArgs" name="test_read_triton_server_configs_success[False-0--1000-localhost]" time="0.016" /><testcase classname="tests.unit.datarobot_drum.drum.test_args_parser.TestTritonServerArgs" name="test_read_triton_server_configs_success[False-0--1000-127.0.0.1]" time="0.013" /><testcase classname="tests.unit.datarobot_drum.drum.test_args_parser.TestTritonServerArgs" name="test_read_triton_server_configs_success[False-0-1.001-localhost]" time="0.015" /><testcase classname="tests.unit.datarobot_drum.drum.test_args_parser.TestTritonServerArgs" name="test_read_triton_server_configs_success[False-0-1.001-127.0.0.1]" time="0.012" /><testcase classname="tests.unit.datarobot_drum.drum.test_args_parser.TestTritonServerArgs" name="test_read_triton_server_configs_success[False-0-0-localhost]" time="0.012" /><testcase classname="tests.unit.datarobot_drum.drum.test_args_parser.TestTritonServerArgs" name="test_read_triton_server_configs_success[False-0-0-127.0.0.1]" time="0.011" /><testcase classname="tests.unit.datarobot_drum.drum.test_args_parser.TestGetArgOptions" name="test_get_options[score_args]" time="0.009" /><testcase classname="tests.unit.datarobot_drum.drum.test_args_parser.TestGetArgOptions" name="test_get_options[server_args]" time="0.009" /><testcase classname="tests.unit.datarobot_drum.drum.test_args_parser.TestGetArgOptions" name="test_get_options[fit_args]" time="0.013" /><testcase classname="tests.unit.datarobot_drum.drum.test_args_parser.TestGetArgOptions" name="test_get_options[perf_args]" time="0.010" /><testcase classname="tests.unit.datarobot_drum.drum.test_args_parser.TestGetArgOptions" name="test_get_options[validation_args]" time="0.009" /><testcase classname="tests.unit.datarobot_drum.drum.test_args_parser.TestGetArgOptions" name="test_get_options[push_args]" time="0.009" /><testcase classname="tests.unit.datarobot_drum.drum.test_args_parser.TestGetArgOptions" name="test_get_options_invalid[fit_args]" time="0.010" /><testcase classname="tests.unit.datarobot_drum.drum.test_args_parser.TestGetArgOptions" name="test_get_options_invalid[push_args]" time="0.009" /><testcase classname="tests.unit.datarobot_drum.drum.test_args_parser.TestRuntimeParametersArgs" name="test_runtime_params_valid[score_args]" time="0.012" /><testcase classname="tests.unit.datarobot_drum.drum.test_args_parser.TestRuntimeParametersArgs" name="test_runtime_params_valid[server_args]" time="0.009" /><testcase classname="tests.unit.datarobot_drum.drum.test_args_parser.TestRuntimeParametersArgs" name="test_runtime_params_valid[perf_args]" time="0.009" /><testcase classname="tests.unit.datarobot_drum.drum.test_args_parser.TestRuntimeParametersArgs" name="test_runtime_params_valid[validation_args]" time="0.009" /><testcase classname="tests.unit.datarobot_drum.drum.test_args_parser.TestRuntimeParametersArgs" name="test_runtime_params_invalid[fit_args]" time="0.010" /><testcase classname="tests.unit.datarobot_drum.drum.test_args_parser.TestRuntimeParametersArgs" name="test_runtime_params_invalid[push_args]" time="0.010" /><testcase classname="tests.unit.datarobot_drum.drum.test_args_parser.TestMaxWorkersArgs" name="test_max_workers_args_success[0-max_workers_args0]" time="0.011" /><testcase classname="tests.unit.datarobot_drum.drum.test_args_parser.TestMaxWorkersArgs" name="test_max_workers_args_success[7-max_workers_args1]" time="0.014" /><testcase classname="tests.unit.datarobot_drum.drum.test_args_parser.TestMaxWorkersArgs" name="test_max_workers_args_env_vars" time="0.019" /><testcase classname="tests.unit.datarobot_drum.drum.test_args_parser.TestMaxWorkersArgs" name="test_production_args_fail[--max-workers: must be &gt; 0\n-max_workers_args0]" time="0.017" /><testcase classname="tests.unit.datarobot_drum.drum.test_args_parser.TestMaxWorkersArgs" name="test_production_args_fail[--max-workers: must be &gt; 0\n-max_workers_args1]" time="0.011" /><testcase classname="tests.unit.datarobot_drum.drum.test_args_parser.TestMaxWorkersArgs" name="test_production_args_fail[--max-workers: invalid type_callback value: 'all'\n-max_workers_args2]" time="0.012" /><testcase classname="tests.unit.datarobot_drum.drum.test_args_parser.TestMaxWorkersArgs" name="test_production_args_fail[--max-workers: invalid type_callback value: 'all'\n-max_workers_args3]" time="0.012" /><testcase classname="tests.unit.datarobot_drum.drum.test_args_parser.TestMaxWorkersArgs" name="test_production_arg_requires_max_workers" time="0.009" /><testcase classname="tests.unit.datarobot_drum.drum.test_data_marshalling" name="test_marshal_labels" time="0.001" /><testcase classname="tests.unit.datarobot_drum.drum.test_data_marshalling" name="test__order_by_float" time="0.000" /><testcase classname="tests.unit.datarobot_drum.drum.test_data_marshalling" name="test_marshal_predictions_multiclass_happy" time="0.002" /><testcase classname="tests.unit.datarobot_drum.drum.test_data_marshalling" name="test_marshal_predictions_multiclass_wrong_label_length" time="0.001" /><testcase classname="tests.unit.datarobot_drum.drum.test_data_marshalling" name="test_marshal_predictions_multiclass_wrong_label_length_cols_greater" time="0.001" /><testcase classname="tests.unit.datarobot_drum.drum.test_data_marshalling" name="test_marshal_predictions_binary_reshape_happy" time="0.004" /><testcase classname="tests.unit.datarobot_drum.drum.test_data_marshalling" name="test_marshal_predictions_binary_both_rows_happy" time="0.002" /><testcase classname="tests.unit.datarobot_drum.drum.test_data_marshalling" name="test_marshal_predictions_reshape_regression_happy" time="0.001" /><testcase classname="tests.unit.datarobot_drum.drum.test_data_marshalling" name="test_marshal_predictions_invalid_dtype" time="0.001" /><testcase classname="tests.unit.datarobot_drum.drum.test_data_marshalling" name="test_marshal_predictions_bad_shape_regression" time="0.001" /><testcase classname="tests.unit.datarobot_drum.drum.test_data_marshalling" name="test_marshal_predictions_reshape_text_generation_happy" time="0.001" /><testcase classname="tests.unit.datarobot_drum.drum.test_data_marshalling" name="test_marshal_predictions_text_generation_invalid_dtype" time="0.001" /><testcase classname="tests.unit.datarobot_drum.drum.test_data_marshalling" name="test_marshal_predictions_dont_add_to_one" time="0.001" /><testcase classname="tests.unit.datarobot_drum.drum.test_data_marshalling" name="test_marshal_predictions_add_to_one_weird" time="0.001" /><testcase classname="tests.unit.datarobot_drum.drum.test_data_marshalling" name="test_sklearn_predictor_wrong_dtype_labels[int-int]" time="0.013" /><testcase classname="tests.unit.datarobot_drum.drum.test_data_marshalling" name="test_sklearn_predictor_wrong_dtype_labels[float-int]" time="0.010" /><testcase classname="tests.unit.datarobot_drum.drum.test_data_marshalling" name="test_sklearn_predictor_wrong_dtype_labels[int-float]" time="0.011" /><testcase classname="tests.unit.datarobot_drum.drum.test_data_marshalling" name="test_marshal_predictions_reshape_geo_point_happy" time="0.001" /><testcase classname="tests.unit.datarobot_drum.drum.test_data_marshalling" name="test_marshal_predictions_geo_point_invalid_dtype" time="0.001" /><testcase classname="tests.unit.datarobot_drum.drum.test_drum.TestCMRunnerRunTestPredict" name="test_calls_cm_run_test_class_correctly" time="0.027" /><testcase classname="tests.unit.datarobot_drum.drum.test_drum.TestCMRunnerRunTestPredict" name="test_calls_cm_run_test_class_with_other_options" time="0.026" /><testcase classname="tests.unit.datarobot_drum.drum.test_drum.TestCMRunnerFit" name="test_calls_model_adapter_fit_correctly" time="0.070" /><testcase classname="tests.unit.datarobot_drum.drum.test_drum.TestCMRunnerFit" name="test_calls_model_adapter_fit_with_secrets" time="0.073" /><testcase classname="tests.unit.datarobot_drum.drum.test_drum.TestCMRunnerFit" name="test_calls_run_test_predict" time="0.070" /><testcase classname="tests.unit.datarobot_drum.drum.test_drum.TestCMRunnerFit" name="test_handles_missing_options" time="0.072" /><testcase classname="tests.unit.datarobot_drum.drum.test_drum.TestCMRunnerServer" name="test_minimal_server_args" time="0.029" /><testcase classname="tests.unit.datarobot_drum.drum.test_drum.TestCMRunnerServer" name="test_with_user_secrets_mount_path" time="0.021" /><testcase classname="tests.unit.datarobot_drum.drum.test_drum.TestCMRunnerServer" name="test_with_user_secrets_prefix" time="0.022" /><testcase classname="tests.unit.datarobot_drum.drum.test_drum.TestCMRunnerServer" name="test_handles_missing_options" time="0.021" /><testcase classname="tests.unit.datarobot_drum.drum.test_drum.TestCMRunnerScore" name="test_minimal_score_args" time="0.023" /><testcase classname="tests.unit.datarobot_drum.drum.test_drum.TestCMRunnerScore" name="test_with_user_secrets_mount_path" time="0.019" /><testcase classname="tests.unit.datarobot_drum.drum.test_drum.TestCMRunnerScore" name="test_with_user_secrets_prefix" time="0.023" /><testcase classname="tests.unit.datarobot_drum.drum.test_drum.TestCMRunnerScore" name="test_handles_missing_options" time="0.020" /><testcase classname="tests.unit.datarobot_drum.drum.test_drum.TestUtilityFunctions" name="test_output_dir_copy" time="0.002" /><testcase classname="tests.unit.datarobot_drum.drum.test_drum.TestUtilityFunctions" name="test_output_in_code_dir" time="0.001" /><testcase classname="tests.unit.datarobot_drum.drum.test_drum.TestRuntimeParametersDockerCommand" name="test_runtime_params_present_as_parameter[server_args]" time="0.012" /><testcase classname="tests.unit.datarobot_drum.drum.test_drum.TestRuntimeParametersDockerCommand" name="test_runtime_params_present_as_parameter[score_args]" time="0.012" /><testcase classname="tests.unit.datarobot_drum.drum.test_drum.TestRuntimeParametersDockerCommand" name="test_runtime_params_not_present_as_parameter[server_args]" time="0.016" /><testcase classname="tests.unit.datarobot_drum.drum.test_drum.TestRuntimeParametersDockerCommand" name="test_runtime_params_not_present_as_parameter[score_args]" time="0.017" /><testcase classname="tests.unit.datarobot_drum.drum.test_drum.TestRuntimeParametersDockerCommand" name="test_runtime_params_present_as_env_var[server_args]" time="0.013" /><testcase classname="tests.unit.datarobot_drum.drum.test_drum.TestRuntimeParametersDockerCommand" name="test_runtime_params_present_as_env_var[score_args]" time="0.013" /><testcase classname="tests.unit.datarobot_drum.drum.test_drum.TestRuntimeParametersDockerCommand" name="test_runtime_params_not_present_as_env_var[server_args]" time="0.012" /><testcase classname="tests.unit.datarobot_drum.drum.test_drum.TestRuntimeParametersDockerCommand" name="test_runtime_params_not_present_as_env_var[score_args]" time="0.015" /><testcase classname="tests.unit.datarobot_drum.drum.test_main" name="test_custom_model_workers[None-0]" time="0.091" /><testcase classname="tests.unit.datarobot_drum.drum.test_main" name="test_custom_model_workers[1-1]" time="0.081" /><testcase classname="tests.unit.datarobot_drum.drum.test_main" name="test_custom_model_workers[10-10]" time="0.099" /><testcase classname="tests.unit.datarobot_drum.drum.test_perf_testing.TestTestPredictionSideEffects" name="test_calls_drum_server_run_correctly_no_mount_path" time="0.018" /><testcase classname="tests.unit.datarobot_drum.drum.test_perf_testing.TestTestPredictionSideEffects" name="test_calls_drum_server_run_correctly_with_mount_path" time="0.014" /><testcase classname="tests.unit.datarobot_drum.drum.test_perf_testing.TestCheckTransformServer" name="test_calls_drum_server_run_correctly_with_mount_path" time="0.010" /><testcase classname="tests.unit.datarobot_drum.drum.test_perf_testing.TestCheckTransformServer" name="test_calls_drum_server_run_correctly_no_mount_path" time="0.010" /><testcase classname="tests.unit.datarobot_drum.drum.test_prediction_server" name="test_prediction_server" time="0.026" /><testcase classname="tests.unit.datarobot_drum.drum.test_prediction_server" name="test_streaming[True]" time="0.023" /><testcase classname="tests.unit.datarobot_drum.drum.test_prediction_server" name="test_streaming[False]" time="0.022" /><testcase classname="tests.unit.datarobot_drum.drum.test_prediction_server" name="test_http_exception" time="0.024" /><testcase classname="tests.unit.datarobot_drum.drum.test_prediction_server" name="test_run_flask_app[None-1]" time="0.005" /><testcase classname="tests.unit.datarobot_drum.drum.test_prediction_server" name="test_run_flask_app[10-10]" time="0.003" /><testcase classname="tests.unit.datarobot_drum.drum.test_push" name="test_push_no_target_name_in_yaml[inference_binary_metadata_yaml_no_target_name]" time="0.008" /><testcase classname="tests.unit.datarobot_drum.drum.test_push" name="test_push[True-training_metadata_yaml]" time="0.166" /><testcase classname="tests.unit.datarobot_drum.drum.test_push" name="test_push[True-training_metadata_yaml_with_proj]" time="0.026" /><testcase classname="tests.unit.datarobot_drum.drum.test_push" name="test_push[True-inference_metadata_yaml]" time="0.012" /><testcase classname="tests.unit.datarobot_drum.drum.test_push" name="test_push[True-inference_multiclass_metadata_yaml]" time="0.013" /><testcase classname="tests.unit.datarobot_drum.drum.test_push" name="test_push[True-inference_multiclass_metadata_yaml_label_file]" time="0.015" /><testcase classname="tests.unit.datarobot_drum.drum.test_push" name="test_push[None-training_metadata_yaml]" time="0.018" /><testcase classname="tests.unit.datarobot_drum.drum.test_push" name="test_push[None-training_metadata_yaml_with_proj]" time="0.029" /><testcase classname="tests.unit.datarobot_drum.drum.test_push" name="test_push[None-inference_metadata_yaml]" time="0.018" /><testcase classname="tests.unit.datarobot_drum.drum.test_push" name="test_push[None-inference_multiclass_metadata_yaml]" time="0.017" /><testcase classname="tests.unit.datarobot_drum.drum.test_push" name="test_push[None-inference_multiclass_metadata_yaml_label_file]" time="0.017" /><testcase classname="tests.unit.datarobot_drum.drum.test_push.TestSetupValidationOptions" name="test_fit_validation_options_no_user_secrets" time="0.001" /><testcase classname="tests.unit.datarobot_drum.drum.test_push.TestSetupValidationOptions" name="test_fit_validation_options_with_user_secrets" time="0.001" /><testcase classname="tests.unit.datarobot_drum.drum.test_push.TestSetupValidationOptions" name="test_inference_validation_options_no_user_secrets" time="0.001" /><testcase classname="tests.unit.datarobot_drum.drum.test_push.TestSetupValidationOptions" name="test_inference_validation_options_with_user_secrets" time="0.001" /><testcase classname="tests.unit.datarobot_drum.drum.utils.test_dataframe.TestExtractAdditionalColumns" name="test_one_prediction_column_without_additional_columns" time="0.002" /><testcase classname="tests.unit.datarobot_drum.drum.utils.test_dataframe.TestExtractAdditionalColumns" name="test_multiple_prediction_columns_without_additional_columns[&lt;lambda&gt;0]" time="0.001" /><testcase classname="tests.unit.datarobot_drum.drum.utils.test_dataframe.TestExtractAdditionalColumns" name="test_multiple_prediction_columns_without_additional_columns[&lt;lambda&gt;1]" time="0.001" /><testcase classname="tests.unit.datarobot_drum.drum.utils.test_dataframe.TestExtractAdditionalColumns" name="test_one_prediction_column_with_one_additional_column" time="0.003" /><testcase classname="tests.unit.datarobot_drum.drum.utils.test_dataframe.TestExtractAdditionalColumns" name="test_one_prediction_column_with_multiple_additional_columns[&lt;lambda&gt;0]" time="0.003" /><testcase classname="tests.unit.datarobot_drum.drum.utils.test_dataframe.TestExtractAdditionalColumns" name="test_one_prediction_column_with_multiple_additional_columns[&lt;lambda&gt;1]" time="0.003" /><testcase classname="tests.unit.datarobot_drum.drum.utils.test_datafram
[...]
.008" /><testcase classname="tests.unit.datarobot_drum.model_metadata.test_model_metadata_hyperparameters" name="test_yaml_metadata__hyper_param_invalid_name[\u7279\u5fb4-Only Eng characters and underscore are allowed.-complete_string_hyper_param]" time="0.007" /><testcase classname="tests.unit.datarobot_drum.model_metadata.test_model_metadata_hyperparameters" name="test_yaml_metadata__hyper_param_invalid_name[\u7279\u5fb4-Only Eng characters and underscore are allowed.-complete_select_hyper_param]" time="0.009" /><testcase classname="tests.unit.datarobot_drum.model_metadata.test_model_metadata_hyperparameters" name="test_yaml_metadata__hyper_param_invalid_name[\u7279\u5fb4-Only Eng characters and underscore are allowed.-complete_multi_hyper_param]" time="0.012" /><testcase classname="tests.unit.datarobot_drum.model_metadata.test_model_metadata_hyperparameters" name="test_yaml_metadata__int_hyper_param_required_fields[name]" time="0.009" /><testcase classname="tests.unit.datarobot_drum.model_metadata.test_model_metadata_hyperparameters" name="test_yaml_metadata__int_hyper_param_required_fields[type]" time="0.008" /><testcase classname="tests.unit.datarobot_drum.model_metadata.test_model_metadata_hyperparameters" name="test_yaml_metadata__int_hyper_param_required_fields[min]" time="0.008" /><testcase classname="tests.unit.datarobot_drum.model_metadata.test_model_metadata_hyperparameters" name="test_yaml_metadata__int_hyper_param_required_fields[max]" time="0.008" /><testcase classname="tests.unit.datarobot_drum.model_metadata.test_model_metadata_hyperparameters" name="test_yaml_metadata__int_hyper_param_optional_fields[default]" time="0.007" /><testcase classname="tests.unit.datarobot_drum.model_metadata.test_model_metadata_hyperparameters" name="test_yaml_metadata__hyper_param_invalid_type[invalid_type-complete_int_hyper_param]" time="0.009" /><testcase classname="tests.unit.datarobot_drum.model_metadata.test_model_metadata_hyperparameters" name="test_yaml_metadata__hyper_param_invalid_type[invalid_type-complete_float_hyper_param]" time="0.007" /><testcase classname="tests.unit.datarobot_drum.model_metadata.test_model_metadata_hyperparameters" name="test_yaml_metadata__hyper_param_invalid_type[invalid_type-complete_string_hyper_param]" time="0.007" /><testcase classname="tests.unit.datarobot_drum.model_metadata.test_model_metadata_hyperparameters" name="test_yaml_metadata__hyper_param_invalid_type[invalid_type-complete_select_hyper_param]" time="0.007" /><testcase classname="tests.unit.datarobot_drum.model_metadata.test_model_metadata_hyperparameters" name="test_yaml_metadata__hyper_param_invalid_type[invalid_type-complete_multi_hyper_param]" time="0.013" /><testcase classname="tests.unit.datarobot_drum.model_metadata.test_model_metadata_hyperparameters" name="test_yaml_metadata__int_hyper_param_min_max[min_max0-False]" time="0.008" /><testcase classname="tests.unit.datarobot_drum.model_metadata.test_model_metadata_hyperparameters" name="test_yaml_metadata__int_hyper_param_min_max[min_max1-True]" time="0.008" /><testcase classname="tests.unit.datarobot_drum.model_metadata.test_model_metadata_hyperparameters" name="test_yaml_metadata__int_hyper_param_invalid_type[min_max0]" time="0.008" /><testcase classname="tests.unit.datarobot_drum.model_metadata.test_model_metadata_hyperparameters" name="test_yaml_metadata__int_hyper_param_invalid_type[min_max1]" time="0.007" /><testcase classname="tests.unit.datarobot_drum.model_metadata.test_model_metadata_hyperparameters" name="test_yaml_metadata__int_hyper_param_invalid_type[min_max2]" time="0.008" /><testcase classname="tests.unit.datarobot_drum.model_metadata.test_model_metadata_hyperparameters" name="test_yaml_metadata__int_hyper_param_invalid_type[min_max3]" time="0.008" /><testcase classname="tests.unit.datarobot_drum.model_metadata.test_model_metadata_hyperparameters" name="test_yaml_metadata__int_hyper_param_invalid_default_value[hyper_param_config0]" time="0.006" /><testcase classname="tests.unit.datarobot_drum.model_metadata.test_model_metadata_hyperparameters" name="test_yaml_metadata__int_hyper_param_invalid_default_value[hyper_param_config1]" time="0.006" /><testcase classname="tests.unit.datarobot_drum.model_metadata.test_model_metadata_hyperparameters" name="test_yaml_metadata__float_hyper_param_required_fields[name]" time="0.007" /><testcase classname="tests.unit.datarobot_drum.model_metadata.test_model_metadata_hyperparameters" name="test_yaml_metadata__float_hyper_param_required_fields[type]" time="0.006" /><testcase classname="tests.unit.datarobot_drum.model_metadata.test_model_metadata_hyperparameters" name="test_yaml_metadata__float_hyper_param_required_fields[min]" time="0.006" /><testcase classname="tests.unit.datarobot_drum.model_metadata.test_model_metadata_hyperparameters" name="test_yaml_metadata__float_hyper_param_required_fields[max]" time="0.007" /><testcase classname="tests.unit.datarobot_drum.model_metadata.test_model_metadata_hyperparameters" name="test_yaml_metadata__float_hyper_param_optional_fields[default]" time="0.006" /><testcase classname="tests.unit.datarobot_drum.model_metadata.test_model_metadata_hyperparameters" name="test_yaml_metadata__float_hyper_param_min_max[min_max0-False]" time="0.008" /><testcase classname="tests.unit.datarobot_drum.model_metadata.test_model_metadata_hyperparameters" name="test_yaml_metadata__float_hyper_param_min_max[min_max1-True]" time="0.007" /><testcase classname="tests.unit.datarobot_drum.model_metadata.test_model_metadata_hyperparameters" name="test_yaml_metadata__float_hyper_param_invalid_default_value[hyper_param_config0]" time="0.008" /><testcase classname="tests.unit.datarobot_drum.model_metadata.test_model_metadata_hyperparameters" name="test_yaml_metadata__float_hyper_param_invalid_default_value[hyper_param_config1]" time="0.008" /><testcase classname="tests.unit.datarobot_drum.model_metadata.test_model_metadata_hyperparameters" name="test_yaml_metadata__string_hyper_param_required_fields[name]" time="0.008" /><testcase classname="tests.unit.datarobot_drum.model_metadata.test_model_metadata_hyperparameters" name="test_yaml_metadata__string_hyper_param_required_fields[type]" time="0.006" /><testcase classname="tests.unit.datarobot_drum.model_metadata.test_model_metadata_hyperparameters" name="test_yaml_metadata__stirng_hyper_param_optional_fields[default]" time="0.006" /><testcase classname="tests.unit.datarobot_drum.model_metadata.test_model_metadata_hyperparameters" name="test_yaml_metadata__string_hyper_param_invalid_value_size" time="0.009" /><testcase classname="tests.unit.datarobot_drum.model_metadata.test_model_metadata_hyperparameters" name="test_yaml_metadata__multi_hyper_param_required_fields[name]" time="0.012" /><testcase classname="tests.unit.datarobot_drum.model_metadata.test_model_metadata_hyperparameters" name="test_yaml_metadata__multi_hyper_param_required_fields[type]" time="0.012" /><testcase classname="tests.unit.datarobot_drum.model_metadata.test_model_metadata_hyperparameters" name="test_yaml_metadata__multi_hyper_param_required_fields[values]" time="0.007" /><testcase classname="tests.unit.datarobot_drum.model_metadata.test_model_metadata_hyperparameters" name="test_yaml_metadata__multi_hyper_param_optional_fields[default]" time="0.011" /><testcase classname="tests.unit.datarobot_drum.model_metadata.test_model_metadata_hyperparameters" name="test_yaml_metadata__multi_hyper_param_optional_component_params[int]" time="0.013" /><testcase classname="tests.unit.datarobot_drum.model_metadata.test_model_metadata_hyperparameters" name="test_yaml_metadata__multi_hyper_param_optional_component_params[float]" time="0.015" /><testcase classname="tests.unit.datarobot_drum.model_metadata.test_model_metadata_hyperparameters" name="test_yaml_metadata__multi_hyper_param_optional_component_params[select]" time="0.013" /><testcase classname="tests.unit.datarobot_drum.model_metadata.test_model_metadata_hyperparameters" name="test_yaml_metadata__select_hyper_param_required_fields[name]" time="0.008" /><testcase classname="tests.unit.datarobot_drum.model_metadata.test_model_metadata_hyperparameters" name="test_yaml_metadata__select_hyper_param_required_fields[type]" time="0.008" /><testcase classname="tests.unit.datarobot_drum.model_metadata.test_model_metadata_hyperparameters" name="test_yaml_metadata__select_hyper_param_required_fields[values]" time="0.007" /><testcase classname="tests.unit.datarobot_drum.model_metadata.test_model_metadata_hyperparameters" name="test_yaml_metadata__select_hyper_param_optional_fields[default]" time="0.007" /><testcase classname="tests.unit.datarobot_drum.model_metadata.test_model_metadata_hyperparameters" name="test_yaml_metadata__select_hyper_param_invalid_value_size" time="0.008" /><testcase classname="tests.unit.datarobot_drum.model_metadata.test_model_metadata_hyperparameters" name="test_yaml_metadata__select_hyper_param_invalid_value_num" time="0.015" /><testcase classname="tests.unit.datarobot_drum.resource.components.Python.prediction_server.test_stdout_flusher.TestStdoutFlusher" name="test_no_prediction_activity" time="0.003" /><testcase classname="tests.unit.datarobot_drum.resource.components.Python.prediction_server.test_stdout_flusher.TestStdoutFlusher" name="test_no_required_stdout_flush" time="0.001" /><testcase classname="tests.unit.datarobot_drum.resource.components.Python.prediction_server.test_stdout_flusher.TestStdoutFlusher" name="test_required_stdout_flush" time="0.002" /><testcase classname="tests.unit.datarobot_drum.resource.test_drum_server_utils.TestDrumServerRunGetCommand" name="test_defaults" time="0.001" /><testcase classname="tests.unit.datarobot_drum.resource.test_drum_server_utils.TestDrumServerRunGetCommand" name="test_with_labels_and_binary" time="0.001" /><testcase classname="tests.unit.datarobot_drum.resource.test_drum_server_utils.TestDrumServerRunGetCommand" name="test_with_labels_and_multiclass" time="0.001" /><testcase classname="tests.unit.datarobot_drum.resource.test_drum_server_utils.TestDrumServerRunGetCommand" name="test_other_target_types_ignore_labels[regression]" time="0.001" /><testcase classname="tests.unit.datarobot_drum.resource.test_drum_server_utils.TestDrumServerRunGetCommand" name="test_other_target_types_ignore_labels[anomaly]" time="0.001" /><testcase classname="tests.unit.datarobot_drum.resource.test_drum_server_utils.TestDrumServerRunGetCommand" name="test_other_target_types_ignore_labels[unstructured]" time="0.001" /><testcase classname="tests.unit.datarobot_drum.resource.test_drum_server_utils.TestDrumServerRunGetCommand" name="test_other_target_types_ignore_labels[transform]" time="0.001" /><testcase classname="tests.unit.datarobot_drum.resource.test_drum_server_utils.TestDrumServerRunGetCommand" name="test_other_target_types_ignore_labels[textgeneration]" time="0.001" /><testcase classname="tests.unit.datarobot_drum.resource.test_drum_server_utils.TestDrumServerRunGetCommand" name="test_other_target_types_ignore_labels[geopoint]" time="0.001" /><testcase classname="tests.unit.datarobot_drum.resource.test_drum_server_utils.TestDrumServerRunGetCommand" name="test_user_secrets_mount_path" time="0.001" /><testcase classname="tests.unit.datarobot_drum.resource.test_drum_server_utils.TestEnter" name="test_calls_thread_correctly" time="0.505" /><testcase classname="tests.unit.datarobot_drum.resource.test_predict_mixin.TestPredictionResponse" name="test_regression_prediction_response" time="0.003" /><testcase classname="tests.unit.datarobot_drum.resource.test_predict_mixin.TestPredictionResponse" name="test_regression_prediction_response_with_extra_model_output" time="0.004" /><testcase classname="tests.unit.datarobot_drum.resource.test_predict_mixin.TestPredictionResponse" name="test_binary_prediction_response" time="0.002" /><testcase classname="tests.unit.datarobot_drum.resource.test_predict_mixin.TestPredictionResponse" name="test_binary_prediction_response_with_extra_model_output" time="0.001" /><testcase classname="tests.unit.datarobot_drum.resource.test_predict_mixin.TestPredictionResponse" name="test_multiclass_prediction_response" time="0.001" /><testcase classname="tests.unit.datarobot_drum.resource.test_predict_mixin.TestPredictionResponse" name="test_multiclass_prediction_response_with_extra_model_output" time="0.001" /><testcase classname="tests.unit.datarobot_drum.resource.test_predict_mixin" name="test_make_capabilities" time="0.001" /><testcase classname="tests.unit.datarobot_drum.resource.test_transform_helpers" name="test_validate_and_convert_column_names_for_serialization[True-columns0-expected_columns0]" time="0.002" /><testcase classname="tests.unit.datarobot_drum.resource.test_transform_helpers" name="test_validate_and_convert_column_names_for_serialization[True-columns1-expected_columns1]" time="0.001" /><testcase classname="tests.unit.datarobot_drum.resource.test_transform_helpers" name="test_validate_and_convert_column_names_for_serialization[True-columns2-expected_columns2]" time="0.001" /><testcase classname="tests.unit.datarobot_drum.resource.test_transform_helpers" name="test_validate_and_convert_column_names_for_serialization[True-columns3-expected_columns3]" time="0.002" /><testcase classname="tests.unit.datarobot_drum.resource.test_transform_helpers" name="test_validate_and_convert_column_names_for_serialization[True-columns4-None]" time="0.002" /><testcase classname="tests.unit.datarobot_drum.resource.test_transform_helpers" name="test_validate_and_convert_column_names_for_serialization[True-columns5-None]" time="0.002" /><testcase classname="tests.unit.datarobot_drum.resource.test_transform_helpers" name="test_validate_and_convert_column_names_for_serialization[True-columns6-None]" time="0.002" /><testcase classname="tests.unit.datarobot_drum.resource.test_transform_helpers" name="test_validate_and_convert_column_names_for_serialization[False-columns0-expected_columns0]" time="0.001" /><testcase classname="tests.unit.datarobot_drum.resource.test_transform_helpers" name="test_validate_and_convert_column_names_for_serialization[False-columns1-expected_columns1]" time="0.001" /><testcase classname="tests.unit.datarobot_drum.resource.test_transform_helpers" name="test_validate_and_convert_column_names_for_serialization[False-columns2-expected_columns2]" time="0.001" /><testcase classname="tests.unit.datarobot_drum.resource.test_transform_helpers" name="test_validate_and_convert_column_names_for_serialization[False-columns3-expected_columns3]" time="0.002" /><testcase classname="tests.unit.datarobot_drum.resource.test_transform_helpers" name="test_validate_and_convert_column_names_for_serialization[False-columns4-None]" time="0.001" /><testcase classname="tests.unit.datarobot_drum.resource.test_transform_helpers" name="test_validate_and_convert_column_names_for_serialization[False-columns5-None]" time="0.001" /><testcase classname="tests.unit.datarobot_drum.resource.test_transform_helpers" name="test_validate_and_convert_column_names_for_serialization[False-columns6-None]" time="0.001" /><testcase classname="tests.unit.datarobot_drum.runtime_parameters.test_runtime_parameters.TestRuntimeParameters" name="test_valid[RuntimeParameterTypes.STRING-Some string value]" time="0.002" /><testcase classname="tests.unit.datarobot_drum.runtime_parameters.test_runtime_parameters.TestRuntimeParameters" name="test_valid[RuntimeParameterTypes.BOOLEAN-True]" time="0.001" /><testcase classname="tests.unit.datarobot_drum.runtime_parameters.test_runtime_parameters.TestRuntimeParameters" name="test_valid[RuntimeParameterTypes.NUMERIC-10]" time="0.002" /><testcase classname="tests.unit.datarobot_drum.runtime_parameters.test_runtime_parameters.TestRuntimeParameters" name="test_valid[RuntimeParameterTypes.CREDENTIAL-payload3]" time="0.002" /><testcase classname="tests.unit.datarobot_drum.runtime_parameters.test_runtime_parameters.TestRuntimeParameters" name="test_has_not" time="0.000" /><testcase classname="tests.unit.datarobot_drum.runtime_parameters.test_runtime_parameters.TestRuntimeParameters" name="test_invalid_credential_type[STRING-Some string value]" time="0.002" /><testcase classname="tests.unit.datarobot_drum.runtime_parameters.test_runtime_parameters.TestRuntimeParameters" name="test_invalid_credential_type[str-Some string value]" time="0.002" /><testcase classname="tests.unit.datarobot_drum.runtime_parameters.test_runtime_parameters.TestRuntimeParameters" name="test_invalid_credential_type[CREDENTIAL-payload2]" time="0.002" /><testcase classname="tests.unit.datarobot_drum.runtime_parameters.test_runtime_parameters.TestRuntimeParameters" name="test_invalid_credential_type[creds-payload3]" time="0.002" /><testcase classname="tests.unit.datarobot_drum.runtime_parameters.test_runtime_parameters.TestRuntimeParameters" name="test_invalid_boolean_type[string-payload]" time="0.002" /><testcase classname="tests.unit.datarobot_drum.runtime_parameters.test_runtime_parameters.TestRuntimeParameters" name="test_invalid_boolean_type[payload1]" time="0.002" /><testcase classname="tests.unit.datarobot_drum.runtime_parameters.test_runtime_parameters.TestRuntimeParameters" name="test_invalid_numeric_type[string-payload]" time="0.002" /><testcase classname="tests.unit.datarobot_drum.runtime_parameters.test_runtime_parameters.TestRuntimeParameters" name="test_invalid_numeric_type[payload1]" time="0.003" /><testcase classname="tests.unit.datarobot_drum.runtime_parameters.test_runtime_parameters.TestRuntimeParameters" name="test_credential_missing_credential_type" time="0.002" /><testcase classname="tests.unit.datarobot_drum.runtime_parameters.test_runtime_parameters.TestRuntimeParameters" name="test_credential_empty_credential_type" time="0.002" /><testcase classname="tests.unit.datarobot_drum.runtime_parameters.test_runtime_parameters.TestRuntimeParameters" name="test_invalid_json_env_value" time="0.002" /><testcase classname="tests.unit.datarobot_drum.runtime_parameters.test_runtime_parameters.TestRuntimeParametersLoader" name="test_none_values_path" time="0.004" /><testcase classname="tests.unit.datarobot_drum.runtime_parameters.test_runtime_parameters.TestRuntimeParametersLoader" name="test_none_metadata" time="0.003" /><testcase classname="tests.unit.datarobot_drum.runtime_parameters.test_runtime_parameters.TestRuntimeParametersLoader" name="test_values_file_not_exists" time="0.009" /><testcase classname="tests.unit.datarobot_drum.runtime_parameters.test_runtime_parameters.TestRuntimeParametersLoader" name="test_metadata_file_not_exists" time="0.003" /><testcase classname="tests.unit.datarobot_drum.runtime_parameters.test_runtime_parameters.TestRuntimeParametersLoader" name="test_empty_values_file" time="0.010" /><testcase classname="tests.unit.datarobot_drum.runtime_parameters.test_runtime_parameters.TestRuntimeParametersLoader" name="test_empty_metadata_file" time="0.006" /><testcase classname="tests.unit.datarobot_drum.runtime_parameters.test_runtime_parameters.TestRuntimeParametersLoader" name="test_no_defs_metadata_file" time="0.005" /><testcase classname="tests.unit.datarobot_drum.runtime_parameters.test_runtime_parameters.TestRuntimeParametersLoader" name="test_invalid_values_yaml_content" time="0.010" /><testcase classname="tests.unit.datarobot_drum.runtime_parameters.test_runtime_parameters.TestRuntimeParametersLoader" name="test_invalid_metadata_yaml_content" time="0.005" /><testcase classname="tests.unit.datarobot_drum.runtime_parameters.test_runtime_parameters.TestRuntimeParametersLoader" name="test_invalid_numeric_parameter_values" time="0.011" /><testcase classname="tests.unit.datarobot_drum.runtime_parameters.test_runtime_parameters.TestRuntimeParametersLoader" name="test_duplicate_definitions" time="0.005" /><testcase classname="tests.unit.datarobot_drum.runtime_parameters.test_runtime_parameters.TestRuntimeParametersLoader" name="test_setup_success" time="0.017" /></testsuite></testsuites>